=== hoons/arvo/sur/gmail-message.hoon ===
=== hoons/arvo/sur/kyev.hoon ===
=== hoons/arvo/sur/plan/diff.hoon ===
=== hoons/arvo/sur/plan/acct.hoon ===
=== hoons/arvo/sur/static.hoon ===
=== hoons/arvo/sur/down.hoon ===
=== hoons/arvo/sur/sole.hoon ===
hoons/arvo/sur/sole.hoon 6:3 indent tallBuccen Child #1 @ line 7; backdent is 6; should be 4
=== hoons/arvo/sur/gh.hoon ===
=== hoons/arvo/sur/tree-include.hoon ===
=== hoons/arvo/sur/recoverable-error.hoon ===
=== hoons/arvo/sur/twitter.hoon ===
hoons/arvo/sur/twitter.hoon 36:5 indent tallBarcen Child #1 @ line 37; backdent is 6; should be 4
hoons/arvo/sur/twitter.hoon 37:7 indent wisp5d Child #1 @ line 59; backdent is 4; should be 6
=== hoons/arvo/sur/rfc.hoon ===
=== hoons/arvo/sur/markdown.hoon ===
=== hoons/arvo/sur/unicode-data.hoon ===
hoons/arvo/sur/unicode-data.hoon 126:3 indent tallBuccen Child #1 @ line 127; backdent is 6; should be 4
=== hoons/arvo/sur/hall.hoon ===
hoons/arvo/sur/hall.hoon 108:3 sequence till5dSeq 107:7 108:3
hoons/arvo/sur/hall.hoon 107:3 indent tallBucwut Child #2 @ line 109; backdent is 6; should be 2
hoons/arvo/sur/hall.hoon 139:3 indent tallBuccen Child #1 @ line 140; backdent is 6; should be 4
=== hoons/arvo/sur/gmail-label.hoon ===
=== hoons/arvo/sur/lens.hoon ===
=== hoons/arvo/tests/new-hoon/mp.hoon ===
hoons/arvo/tests/new-hoon/mp.hoon 102:10 indent tallCenket Child #4 @ line 103; backdent is 4; should be 9
hoons/arvo/tests/new-hoon/mp.hoon 273:3 indent tallCenlus Child #3 @ line 275; backdent is 4; should be 2
=== hoons/arvo/tests/new-hoon/ls.hoon ===
=== hoons/arvo/tests/new-hoon/thr.hoon ===
=== hoons/arvo/tests/new-hoon/myb.hoon ===
=== hoons/arvo/tests/zuse/crypto/keccak.hoon ===
hoons/arvo/tests/zuse/crypto/keccak.hoon 56:5 indent tallColhep Child #2 @ line 57; backdent is 6; should be 4
hoons/arvo/tests/zuse/crypto/keccak.hoon 198:7 indent tallColhep Child #2 @ line 199; backdent is 7; should be 6
hoons/arvo/tests/zuse/crypto/keccak.hoon 264:3 indent tallColhep Child #2 @ line 268; backdent is 4; should be 2
=== hoons/arvo/sys/zuse.hoon ===
hoons/arvo/sys/zuse.hoon 33:1 indent tallTisgar Child #1 @ line 37; backdent is 0; should be 2
hoons/arvo/sys/zuse.hoon 79:7 indent tallBarcen Child #1 @ line 80; backdent is 2; should be 6
hoons/arvo/sys/zuse.hoon 87:9 indent tallBarcen Child #1 @ line 88; backdent is 4; should be 8
hoons/arvo/sys/zuse.hoon 100:11 indent tallBarcen Child #1 @ line 101; backdent is 6; should be 10
hoons/arvo/sys/zuse.hoon 112:11 indent tallKetwut Child #1 @ line 113; backdent is 2; should be 10
hoons/arvo/sys/zuse.hoon 117:13 indent tallKetwut Child #1 @ line 118; backdent is 4; should be 12
hoons/arvo/sys/zuse.hoon 121:7 sequence till5dSeq 120:15 121:7
hoons/arvo/sys/zuse.hoon 124:7 sequence till5dSeq 123:15 124:7
hoons/arvo/sys/zuse.hoon 127:7 sequence till5dSeq 126:15 127:7
hoons/arvo/sys/zuse.hoon 130:7 sequence till5dSeq 129:15 130:7
hoons/arvo/sys/zuse.hoon 120:7 indent tallBucwut Child #2 @ line 132; backdent is 14; should be 6
hoons/arvo/sys/zuse.hoon 143:7 sequence till5dSeq 142:15 143:7
hoons/arvo/sys/zuse.hoon 148:7 sequence till5dSeq 147:15 148:7
hoons/arvo/sys/zuse.hoon 142:7 indent tallBucwut Child #2 @ line 151; backdent is 14; should be 6
hoons/arvo/sys/zuse.hoon 173:17 indent tallKetwut Child #1 @ line 174; backdent is 4; should be 12
hoons/arvo/sys/zuse.hoon 175:13 indent tallKetwut Child #1 @ line 176; backdent is 6; should be 12
hoons/arvo/sys/zuse.hoon 185:13 indent tallKetwut Child #1 @ line 186; backdent is 6; should be 12
hoons/arvo/sys/zuse.hoon 191:13 indent tallKetwut Child #1 @ line 192; backdent is 6; should be 12
hoons/arvo/sys/zuse.hoon 354:11 indent tallKetwut Child #1 @ line 355; backdent is 2; should be 10
hoons/arvo/sys/zuse.hoon 359:13 indent tallKetwut Child #1 @ line 360; backdent is 4; should be 12
hoons/arvo/sys/zuse.hoon 376:11 indent tallKetwut Child #1 @ line 377; backdent is 2; should be 10
hoons/arvo/sys/zuse.hoon 381:13 indent tallKetwut Child #1 @ line 382; backdent is 4; should be 12
hoons/arvo/sys/zuse.hoon 547:11 indent tallKetwut Child #1 @ line 548; backdent is 2; should be 10
hoons/arvo/sys/zuse.hoon 552:13 indent tallKetwut Child #1 @ line 553; backdent is 4; should be 12
hoons/arvo/sys/zuse.hoon 661:11 indent tallKetwut Child #1 @ line 662; backdent is 2; should be 10
hoons/arvo/sys/zuse.hoon 666:13 indent tallKetwut Child #1 @ line 667; backdent is 4; should be 12
hoons/arvo/sys/zuse.hoon 791:11 indent tallKetwut Child #1 @ line 792; backdent is 2; should be 10
hoons/arvo/sys/zuse.hoon 796:13 indent tallKetwut Child #1 @ line 797; backdent is 4; should be 12
hoons/arvo/sys/zuse.hoon 878:11 indent tallKetwut Child #1 @ line 879; backdent is 2; should be 10
hoons/arvo/sys/zuse.hoon 883:13 indent tallKetwut Child #1 @ line 884; backdent is 4; should be 12
hoons/arvo/sys/zuse.hoon 905:3 indent LuslusCell Child #2 @ line 906; backdent is 10; should be 4
hoons/arvo/sys/zuse.hoon 906:11 indent tallBuccol Child #2 @ line 918; backdent is 14; should be 10
hoons/arvo/sys/zuse.hoon 913:15 indent tallBuccolMold Child #2 @ line 918; backdent is 10; should be 14
hoons/arvo/sys/zuse.hoon 956:11 indent tallKetwut Child #1 @ line 957; backdent is 2; should be 10
hoons/arvo/sys/zuse.hoon 961:13 indent tallKetwut Child #1 @ line 962; backdent is 4; should be 12
hoons/arvo/sys/zuse.hoon 995:7 indent tallBuccen Child #2 @ line 1005; backdent is 10; should be 6
hoons/arvo/sys/zuse.hoon 1001:11 indent tallBuccolMold Child #2 @ line 1005; backdent is 6; should be 10
hoons/arvo/sys/zuse.hoon 1008:7 indent tallBuccol Child #2 @ line 1013; backdent is 7; should be 6
hoons/arvo/sys/zuse.hoon 1058:13 indent tallKetwut Child #1 @ line 1060; backdent is 4; should be 12
hoons/arvo/sys/zuse.hoon 1093:12 indent tallKetwut Child #1 @ line 1094; backdent is 4; should be 11
hoons/arvo/sys/zuse.hoon 1140:15 indent tallKetwut Child #1 @ line 1141; backdent is 4; should be 14
hoons/arvo/sys/zuse.hoon 1200:11 indent tallKetwut Child #1 @ line 1204; backdent is 2; should be 10
hoons/arvo/sys/zuse.hoon 1205:13 indent tallKetwut Child #1 @ line 1206; backdent is 4; should be 12
hoons/arvo/sys/zuse.hoon 1222:7 indent tallBuccol Child #2 @ line 1225; backdent is 10; should be 6
hoons/arvo/sys/zuse.hoon 1223:11 indent tallBuccenMold Child #2 @ line 1225; backdent is 6; should be 10
hoons/arvo/sys/zuse.hoon 1227:7 indent tallBuccen Child #2 @ line 1236; backdent is 14; should be 6
hoons/arvo/sys/zuse.hoon 1231:15 indent tallBuccenMold Child #2 @ line 1236; backdent is 6; should be 14
hoons/arvo/sys/zuse.hoon 1257:13 indent tallKetwut Child #1 @ line 1258; backdent is 2; should be 12
hoons/arvo/sys/zuse.hoon 1369:19 sequence tall5dSeq 1368:26 1369:19
hoons/arvo/sys/zuse.hoon 1369:28 indent tallCenhep Child #2 @ line 1370; backdent is 18; should be 27
hoons/arvo/sys/zuse.hoon 1376:19 sequence tall5dSeq 1375:26 1376:19
hoons/arvo/sys/zuse.hoon 1376:28 indent tallCenhep Child #2 @ line 1377; backdent is 18; should be 27
hoons/arvo/sys/zuse.hoon 1387:28 indent tallCenhep Child #2 @ line 1388; backdent is 18; should be 27
hoons/arvo/sys/zuse.hoon 1392:19 sequence tall5dSeq 1391:26 1392:19
hoons/arvo/sys/zuse.hoon 1406:5 indent tallWutcol Child #2 @ line 1407; backdent is 7; should be 6
hoons/arvo/sys/zuse.hoon 1505:13 indent tallKetwut Child #1 @ line 1506; backdent is 2; should be 12
hoons/arvo/sys/zuse.hoon 1512:14 indent tallZapdot Child #1 @ line 1513; backdent is 4; should be 13
hoons/arvo/sys/zuse.hoon 1522:27 indent tallKetwut Child #1 @ line 1523; backdent is 14; should be 22
hoons/arvo/sys/zuse.hoon 1946:9 indent tallColhep Child #2 @ line 1947; backdent is 12; should be 8
hoons/arvo/sys/zuse.hoon 1970:9 indent tallColhep Child #2 @ line 1971; backdent is 12; should be 8
hoons/arvo/sys/zuse.hoon 1994:9 indent tallColhep Child #2 @ line 1995; backdent is 12; should be 8
hoons/arvo/sys/zuse.hoon 2002:7 indent tallBartis Child #1 @ line 2004; backdent is 10; should be 8
hoons/arvo/sys/zuse.hoon 2056:11 indent tallKettis Child #2 @ line 2057; backdent is 8; should be 10
hoons/arvo/sys/zuse.hoon 2060:11 indent tallKettis Child #2 @ line 2061; backdent is 8; should be 10
hoons/arvo/sys/zuse.hoon 2076:11 indent tallKettis Child #2 @ line 2077; backdent is 8; should be 10
hoons/arvo/sys/zuse.hoon 2080:11 indent tallKettis Child #2 @ line 2081; backdent is 8; should be 10
hoons/arvo/sys/zuse.hoon 2096:11 indent tallKettis Child #2 @ line 2097; backdent is 8; should be 10
hoons/arvo/sys/zuse.hoon 2100:11 indent tallKettis Child #2 @ line 2101; backdent is 8; should be 10
hoons/arvo/sys/zuse.hoon 2121:9 indent tallCenlus Child #3 @ line 2123; backdent is 10; should be 8
hoons/arvo/sys/zuse.hoon 2125:14 indent tallCenlus Child #3 @ line 2127; backdent is 15; should be 13
hoons/arvo/sys/zuse.hoon 2141:9 indent tallCenlus Child #3 @ line 2143; backdent is 10; should be 8
hoons/arvo/sys/zuse.hoon 2145:14 indent tallCenlus Child #3 @ line 2147; backdent is 15; should be 13
hoons/arvo/sys/zuse.hoon 2161:9 indent tallCenlus Child #3 @ line 2163; backdent is 10; should be 8
hoons/arvo/sys/zuse.hoon 2165:14 indent tallCenlus Child #3 @ line 2167; backdent is 15; should be 13
hoons/arvo/sys/zuse.hoon 2183:9 indent tallCollus Child #1 @ line 2184; backdent is 10; should be 12
hoons/arvo/sys/zuse.hoon 2194:13 indent tallKettis Child #2 @ line 2195; backdent is 10; should be 12
hoons/arvo/sys/zuse.hoon 2223:13 indent tallKettis Child #2 @ line 2224; backdent is 10; should be 12
hoons/arvo/sys/zuse.hoon 2242:9 indent tallCollus Child #1 @ line 2243; backdent is 10; should be 12
hoons/arvo/sys/zuse.hoon 2253:13 indent tallKettis Child #2 @ line 2254; backdent is 10; should be 12
hoons/arvo/sys/zuse.hoon 2267:15 indent tallKettis Child #2 @ line 2268; backdent is 15; should be 14
hoons/arvo/sys/zuse.hoon 2283:13 indent tallCenlus Child #3 @ line 2284; backdent is 21; should be 12
hoons/arvo/sys/zuse.hoon 2323:9 indent tallDottis Child #2 @ line 2324; backdent is 12; should be 8
hoons/arvo/sys/zuse.hoon 2443:11 indent tallKettis Child #2 @ line 2444; backdent is 8; should be 10
hoons/arvo/sys/zuse.hoon 2446:11 indent tallKettis Child #2 @ line 2447; backdent is 8; should be 10
hoons/arvo/sys/zuse.hoon 2465:27 indent tallColsig Child #2 @ line 2469; backdent is 42; should be 12
hoons/arvo/sys/zuse.hoon 2477:27 indent tallColsig Child #2 @ line 2481; backdent is 42; should be 12
hoons/arvo/sys/zuse.hoon 2490:23 indent tallWutsig Child #3 @ line 2491; backdent is 12; should be 22
hoons/arvo/sys/zuse.hoon 2494:23 indent tallKethep Child #2 @ line 2495; backdent is 18; should be 10
hoons/arvo/sys/zuse.hoon 2550:22 indent tallKethep Child #2 @ line 2551; backdent is 17; should be 10
hoons/arvo/sys/zuse.hoon 2551:28 indent tallWutsig Child #3 @ line 2552; backdent is 17; should be 27
hoons/arvo/sys/zuse.hoon 2564:18 indent tallCenlus Child #3 @ line 2565; backdent is 7; should be 17
hoons/arvo/sys/zuse.hoon 2587:18 indent tallWutsig Child #2 @ line 2588; backdent is 10; should be 19
hoons/arvo/sys/zuse.hoon 2587:18 indent tallWutsig Child #3 @ line 2589; backdent is 8; should be 17
hoons/arvo/sys/zuse.hoon 2592:18 indent tallKethep Child #2 @ line 2593; backdent is 8; should be 6
hoons/arvo/sys/zuse.hoon 2595:29 indent tallKethep Child #2 @ line 2596; backdent is 10; should be 17
hoons/arvo/sys/zuse.hoon 2595:18 indent tallTisdot Child #3 @ line 2599; backdent is 8; should be 17
hoons/arvo/sys/zuse.hoon 2618:15 indent tallCenlus Child #2 @ line 2619; backdent is 18; should be 16
hoons/arvo/sys/zuse.hoon 2618:15 indent tallCenlus Child #3 @ line 2620; backdent is 16; should be 14
hoons/arvo/sys/zuse.hoon 2624:18 indent tallTislus Child #2 @ line 2625; backdent is 8; should be 17
hoons/arvo/sys/zuse.hoon 2628:11 indent tallKettis Child #2 @ line 2629; backdent is 8; should be 10
hoons/arvo/sys/zuse.hoon 2629:17 indent tallWutsig Child #3 @ line 2630; backdent is 12; should be 16
hoons/arvo/sys/zuse.hoon 2643:13 indent tallZapcol Child #1 @ line 2644; backdent is 4; should be 12
hoons/arvo/sys/zuse.hoon 2757:13 indent tallZapcol Child #1 @ line 2758; backdent is 4; should be 12
hoons/arvo/sys/zuse.hoon 2945:13 indent tallKetwut Child #1 @ line 2946; backdent is 4; should be 12
hoons/arvo/sys/zuse.hoon 2960:23 indent tallCenhep Child #2 @ line 2961; backdent is 10; should be 22
hoons/arvo/sys/zuse.hoon 3082:11 indent tallKethep Child #2 @ line 3085; backdent is 8; should be 6
hoons/arvo/sys/zuse.hoon 3276:13 sequence tall5dSeq 3275:14 3276:13
hoons/arvo/sys/zuse.hoon 3278:13 sequence tall5dSeq 3275:14 3278:13
hoons/arvo/sys/zuse.hoon 3279:13 sequence tall5dSeq 3275:14 3279:13
hoons/arvo/sys/zuse.hoon 3287:12 indent tallKetwut Child #1 @ line 3288; backdent is 2; should be 11
hoons/arvo/sys/zuse.hoon 3292:13 indent tallKethep Child #2 @ line 3293; backdent is 8; should be 4
hoons/arvo/sys/zuse.hoon 3316:13 indent tallKetwut Child #1 @ line 3317; backdent is 2; should be 12
hoons/arvo/sys/zuse.hoon 3324:9 indent tallKettis Child #2 @ line 3325; backdent is 6; should be 8
hoons/arvo/sys/zuse.hoon 3372:13 indent tallKetwut Child #1 @ line 3373; backdent is 4; should be 12
hoons/arvo/sys/zuse.hoon 3562:15 indent tallKethep Child #2 @ line 3563; backdent is 10; should be 6
hoons/arvo/sys/zuse.hoon 3737:15 indent tallKethep Child #2 @ line 3738; backdent is 10; should be 6
hoons/arvo/sys/zuse.hoon 3762:13 indent tallKetwut Child #1 @ line 3763; backdent is 2; should be 12
hoons/arvo/sys/zuse.hoon 3854:7 indent tallCentis 1-jogging kingside head @3854:12; overindented by 1
hoons/arvo/sys/zuse.hoon 3920:11 indent tallKetwut Child #1 @ line 3921; backdent is 2; should be 10
hoons/arvo/sys/zuse.hoon 3926:14 indent tallKetwut Child #1 @ line 3927; backdent is 4; should be 13
hoons/arvo/sys/zuse.hoon 3950:11 indent tallKettis Child #2 @ line 3951; backdent is 6; should be 10
hoons/arvo/sys/zuse.hoon 3965:7 indent tallSemsig Child #2 @ line 3966; backdent is 9; should be 8
hoons/arvo/sys/zuse.hoon 3966:10 sequence tall5dSeq 3965:7 3966:10
hoons/arvo/sys/zuse.hoon 3967:10 sequence tall5dSeq 3965:7 3967:10
hoons/arvo/sys/zuse.hoon 3968:10 sequence tall5dSeq 3965:7 3968:10
hoons/arvo/sys/zuse.hoon 3969:10 sequence tall5dSeq 3965:7 3969:10
hoons/arvo/sys/zuse.hoon 3970:10 sequence tall5dSeq 3965:7 3970:10
hoons/arvo/sys/zuse.hoon 3965:7 indent tallSemsig Child #3 @ line 3971; backdent is 7; should be 6
hoons/arvo/sys/zuse.hoon 4020:7 indent tallWutlus Jogging-2-style kingside child #1 @4020:11; underindented by 2
hoons/arvo/sys/zuse.hoon 4166:7 indent tallCentis 1-jogging kingside head @4166:13; overindented by 2
hoons/arvo/sys/zuse.hoon 4189:15 indent tallSiglus Child #1 @ line 4190; backdent is 6; should be 14
hoons/arvo/sys/zuse.hoon 4206:9 indent tallCenlus Child #3 @ line 4207; backdent is 10; should be 8
hoons/arvo/sys/zuse.hoon 4263:11 indent tallSemsig Child #2 @ line 4264; backdent is 14; should be 12
hoons/arvo/sys/zuse.hoon 4264:15 sequence tall5dSeq 4263:11 4264:15
hoons/arvo/sys/zuse.hoon 4265:15 sequence tall5dSeq 4263:11 4265:15
hoons/arvo/sys/zuse.hoon 4374:11 indent tallKethep Child #2 @ line 4375; backdent is 10; should be 6
hoons/arvo/sys/zuse.hoon 4538:3 indent LuslusCell Child #2 @ line 4539; backdent is 6; should be 4
hoons/arvo/sys/zuse.hoon 4547:12 indent tallKetwut Child #1 @ line 4548; backdent is 2; should be 11
hoons/arvo/sys/zuse.hoon 4602:5 indent tallWutlus Jogging-2-style queenside child #1 @4602:9; underindented by 4
hoons/arvo/sys/zuse.hoon 4603:7 indent tallWutlus Jog queenside head @4603:7; underindented by 2
hoons/arvo/sys/zuse.hoon 4603:15 indent tallWutlus Jog queenside head @4603:15; overindented by 6
hoons/arvo/sys/zuse.hoon 4603:25 indent tallWutlus Jog queenside head @4603:25; overindented by 16
hoons/arvo/sys/zuse.hoon 4603:35 indent tallWutlus Jog queenside head @4603:35; overindented by 26
hoons/arvo/sys/zuse.hoon 4603:35 indent tallWutlus Jog queenside body @4603:40; overindented by 10
hoons/arvo/sys/zuse.hoon 4603:45 indent tallWutlus Jog queenside head @4603:45; overindented by 36
hoons/arvo/sys/zuse.hoon 4603:55 indent tallWutlus Jog queenside head @4603:55; overindented by 46
hoons/arvo/sys/zuse.hoon 4603:65 indent tallWutlus Jog queenside head @4603:65; overindented by 56
hoons/arvo/sys/zuse.hoon 4603:65 indent tallWutlus Jog queenside body @4603:70; overindented by 40
hoons/arvo/sys/zuse.hoon 4604:7 indent tallWutlus Jog queenside head @4604:7; underindented by 2
hoons/arvo/sys/zuse.hoon 4604:15 indent tallWutlus Jog queenside head @4604:15; overindented by 6
hoons/arvo/sys/zuse.hoon 4604:25 indent tallWutlus Jog queenside head @4604:25; overindented by 16
hoons/arvo/sys/zuse.hoon 4604:35 indent tallWutlus Jog queenside head @4604:35; overindented by 26
hoons/arvo/sys/zuse.hoon 4604:45 indent tallWutlus Jog queenside head @4604:45; overindented by 36
hoons/arvo/sys/zuse.hoon 4604:55 indent tallWutlus Jog queenside head @4604:55; overindented by 46
hoons/arvo/sys/zuse.hoon 4604:65 indent tallWutlus Jog queenside head @4604:65; overindented by 56
hoons/arvo/sys/zuse.hoon 4605:7 indent tallWutlus Jog queenside head @4605:7; underindented by 2
hoons/arvo/sys/zuse.hoon 4605:15 indent tallWutlus Jog queenside head @4605:15; overindented by 6
hoons/arvo/sys/zuse.hoon 4605:15 indent tallWutlus Jog queenside body @4605:20; underindented by 10
hoons/arvo/sys/zuse.hoon 4605:25 indent tallWutlus Jog queenside head @4605:25; overindented by 16
hoons/arvo/sys/zuse.hoon 4605:35 indent tallWutlus Jog queenside head @4605:35; overindented by 26
hoons/arvo/sys/zuse.hoon 4624:12 indent tallKetwut Child #1 @ line 4625; backdent is 2; should be 11
hoons/arvo/sys/zuse.hoon 4712:12 indent tallKetwut Child #1 @ line 4713; backdent is 2; should be 11
hoons/arvo/sys/zuse.hoon 4745:14 indent tallKetwut Child #1 @ line 4746; backdent is 2; should be 13
hoons/arvo/sys/zuse.hoon 4750:15 indent tallKetwut Child #1 @ line 4751; backdent is 4; should be 14
hoons/arvo/sys/zuse.hoon 4818:11 indent tallColsig Child #1 @ line 4819; backdent is 14; should be 12
hoons/arvo/sys/zuse.hoon 4920:14 indent tallKetwut Child #1 @ line 4921; backdent is 4; should be 13
hoons/arvo/sys/zuse.hoon 4961:13 indent tallKetwut Child #1 @ line 4962; backdent is 4; should be 12
hoons/arvo/sys/zuse.hoon 5042:15 indent tallKetwut Child #1 @ line 5043; backdent is 4; should be 14
hoons/arvo/sys/zuse.hoon 5051:31 indent tallKethep Child #2 @ line 5052; backdent is 6; should be 20
hoons/arvo/sys/zuse.hoon 5052:19 indent tallWutsig Child #3 @ line 5053; backdent is 6; should be 18
hoons/arvo/sys/zuse.hoon 5081:3 sequence till5dSeq 5080:7 5081:3
hoons/arvo/sys/zuse.hoon 5080:3 indent tallBucwut Child #2 @ line 5088; backdent is 6; should be 2
=== hoons/arvo/sys/hoon.hoon ===
hoons/arvo/sys/hoon.hoon 5:11 indent tallTisgar Child #1 @ line 9; backdent is 0; should be 12
hoons/arvo/sys/hoon.hoon 5:11 indent tallTisgar Child #2 @ line 12; backdent is 4; should be 10
hoons/arvo/sys/hoon.hoon 12:5 indent tallTisgar Child #1 @ line 13; backdent is 0; should be 6
hoons/arvo/sys/hoon.hoon 360:5 indent tallTisgar Child #1 @ line 382; backdent is 0; should be 6
hoons/arvo/sys/hoon.hoon 486:3 indent tallWutcol Child #2 @ line 487; backdent is 5; should be 4
hoons/arvo/sys/hoon.hoon 511:7 indent tallTisgal Child #2 @ line 512; backdent is 4; should be 2
hoons/arvo/sys/hoon.hoon 543:7 indent tallTisgal Child #2 @ line 544; backdent is 4; should be 2
hoons/arvo/sys/hoon.hoon 635:12 indent tallZapdot Child #1 @ line 636; backdent is 2; should be 11
hoons/arvo/sys/hoon.hoon 840:9 indent tallCenlus Child #3 @ line 841; backdent is 10; should be 8
hoons/arvo/sys/hoon.hoon 857:9 indent tallCenlus Child #3 @ line 858; backdent is 10; should be 8
hoons/arvo/sys/hoon.hoon 878:10 indent tallBartis Child #2 @ line 879; backdent is 2; should be 9
hoons/arvo/sys/hoon.hoon 898:23 indent tallBarhep Child #1 @ line 899; backdent is 4; should be 10
hoons/arvo/sys/hoon.hoon 912:5 indent tallWutlus Jogging-2-style kingside child #1 @912:9; underindented by 2
hoons/arvo/sys/hoon.hoon 944:3 indent LuslusCell Child #2 @ line 945; backdent is 2; should be 4
hoons/arvo/sys/hoon.hoon 1062:7 indent tallWutcol Child #3 @ line 1063; backdent is 2; should be 6
hoons/arvo/sys/hoon.hoon 1244:9 indent tallWutsig Child #3 @ line 1245; backdent is 4; should be 8
hoons/arvo/sys/hoon.hoon 1740:9 indent tallTisgal Child #2 @ line 1741; backdent is 6; should be 4
hoons/arvo/sys/hoon.hoon 1937:1 indent LuslusCell Child #2 @ line 1938; backdent is 10; should be 2
hoons/arvo/sys/hoon.hoon 1947:5 indent tallTisgar Child #1 @ line 1959; backdent is 0; should be 6
hoons/arvo/sys/hoon.hoon 2056:12 indent tallWutcol Child #3 @ line 2062; backdent is 10; should be 11
hoons/arvo/sys/hoon.hoon 2072:1 indent LuslusCell Child #2 @ line 2075; backdent is 8; should be 2
hoons/arvo/sys/hoon.hoon 2080:1 indent LuslusCell Child #2 @ line 2082; backdent is 8; should be 2
hoons/arvo/sys/hoon.hoon 2087:1 indent LuslusCell Child #2 @ line 2089; backdent is 8; should be 2
hoons/arvo/sys/hoon.hoon 2122:11 indent tallWutdot Child #3 @ line 2123; backdent is 6; should be 10
hoons/arvo/sys/hoon.hoon 2126:35 indent tallCenhep Child #2 @ line 2127; backdent is 8; should be 34
hoons/arvo/sys/hoon.hoon 2140:11 indent tallWutdot Child #2 @ line 2141; backdent is 8; should be 12
hoons/arvo/sys/hoon.hoon 2140:11 indent tallWutdot Child #3 @ line 2142; backdent is 6; should be 10
hoons/arvo/sys/hoon.hoon 2143:35 indent tallCenhep Child #2 @ line 2144; backdent is 8; should be 34
hoons/arvo/sys/hoon.hoon 2153:11 indent tallWutdot Child #2 @ line 2154; backdent is 8; should be 12
hoons/arvo/sys/hoon.hoon 2153:11 indent tallWutdot Child #3 @ line 2155; backdent is 6; should be 10
hoons/arvo/sys/hoon.hoon 2167:14 indent tallWutcol Child #3 @ line 2168; backdent is 6; should be 13
hoons/arvo/sys/hoon.hoon 2177:13 indent tallWutcol Child #3 @ line 2178; backdent is 10; should be 12
hoons/arvo/sys/hoon.hoon 2187:23 indent tallWutcol Child #3 @ line 2188; backdent is 6; should be 22
hoons/arvo/sys/hoon.hoon 2208:11 indent tallWutcol Child #3 @ line 2209; backdent is 6; should be 10
hoons/arvo/sys/hoon.hoon 2217:15 indent tallKettis Child #2 @ line 2218; backdent is 12; should be 14
hoons/arvo/sys/hoon.hoon 2239:18 indent tallCenlus Child #2 @ line 2240; backdent is 10; should be 19
hoons/arvo/sys/hoon.hoon 2239:18 indent tallCenlus Child #3 @ line 2241; backdent is 8; should be 17
hoons/arvo/sys/hoon.hoon 2241:21 indent tallWutcol Child #3 @ line 2242; backdent is 8; should be 20
hoons/arvo/sys/hoon.hoon 2286:14 indent tallWutdot Child #3 @ line 2287; backdent is 8; should be 13
hoons/arvo/sys/hoon.hoon 2313:11 indent tallWutcol Child #2 @ line 2314; backdent is 8; should be 12
hoons/arvo/sys/hoon.hoon 2313:11 indent tallWutcol Child #3 @ line 2320; backdent is 6; should be 10
hoons/arvo/sys/hoon.hoon 2320:11 indent tallWutcol Child #2 @ line 2321; backdent is 8; should be 12
hoons/arvo/sys/hoon.hoon 2320:11 indent tallWutcol Child #3 @ line 2322; backdent is 6; should be 10
hoons/arvo/sys/hoon.hoon 2326:11 indent tallCentis Jog kingside head @2326:11; underindented by 2
hoons/arvo/sys/hoon.hoon 2327:11 indent tallCentis Jog kingside head @2327:11; underindented by 2
hoons/arvo/sys/hoon.hoon 2328:11 indent tallCentis Jog kingside head @2328:11; underindented by 2
hoons/arvo/sys/hoon.hoon 2329:11 indent tallCentis Jog kingside head @2329:11; underindented by 2
hoons/arvo/sys/hoon.hoon 2330:11 indent tallCentis Jog kingside head @2330:11; underindented by 2
hoons/arvo/sys/hoon.hoon 2333:11 indent tallKettis Child #2 @ line 2334; backdent is 8; should be 10
hoons/arvo/sys/hoon.hoon 2506:29 indent tallWutcol Child #3 @ line 2507; backdent is 4; should be 28
hoons/arvo/sys/hoon.hoon 2689:12 indent tallSigfas Child #2 @ line 2690; backdent is 4; should be 11
hoons/arvo/sys/hoon.hoon 2694:12 indent tallSigfas Child #2 @ line 2695; backdent is 4; should be 11
hoons/arvo/sys/hoon.hoon 2699:12 indent tallSigfas Child #2 @ line 2700; backdent is 4; should be 11
hoons/arvo/sys/hoon.hoon 2704:12 indent tallSigfas Child #2 @ line 2705; backdent is 4; should be 11
hoons/arvo/sys/hoon.hoon 2709:12 indent tallSigfas Child #2 @ line 2710; backdent is 4; should be 11
hoons/arvo/sys/hoon.hoon 2714:12 indent tallSigfas Child #2 @ line 2715; backdent is 4; should be 11
hoons/arvo/sys/hoon.hoon 2718:12 indent tallSigfas Child #2 @ line 2719; backdent is 4; should be 11
hoons/arvo/sys/hoon.hoon 2723:12 indent tallSigfas Child #2 @ line 2724; backdent is 4; should be 11
hoons/arvo/sys/hoon.hoon 2728:12 indent tallSigfas Child #2 @ line 2729; backdent is 4; should be 11
hoons/arvo/sys/hoon.hoon 2733:12 indent tallSigfas Child #2 @ line 2734; backdent is 4; should be 11
hoons/arvo/sys/hoon.hoon 2738:12 indent tallSigfas Child #2 @ line 2739; backdent is 4; should be 11
hoons/arvo/sys/hoon.hoon 2767:12 indent tallSigfas Child #2 @ line 2768; backdent is 4; should be 11
hoons/arvo/sys/hoon.hoon 2772:12 indent tallSigfas Child #2 @ line 2773; backdent is 4; should be 11
hoons/arvo/sys/hoon.hoon 2777:12 indent tallSigfas Child #2 @ line 2778; backdent is 4; should be 11
hoons/arvo/sys/hoon.hoon 2782:12 indent tallSigfas Child #2 @ line 2783; backdent is 4; should be 11
hoons/arvo/sys/hoon.hoon 2787:12 indent tallSigfas Child #2 @ line 2788; backdent is 4; should be 11
hoons/arvo/sys/hoon.hoon 2792:12 indent tallSigfas Child #2 @ line 2793; backdent is 4; should be 11
hoons/arvo/sys/hoon.hoon 2797:12 indent tallSigfas Child #2 @ line 2798; backdent is 4; should be 11
hoons/arvo/sys/hoon.hoon 2802:12 indent tallSigfas Child #2 @ line 2803; backdent is 4; should be 11
hoons/arvo/sys/hoon.hoon 2807:12 indent tallSigfas Child #2 @ line 2808; backdent is 4; should be 11
hoons/arvo/sys/hoon.hoon 2812:12 indent tallSigfas Child #2 @ line 2813; backdent is 4; should be 11
hoons/arvo/sys/hoon.hoon 2817:12 indent tallSigfas Child #2 @ line 2818; backdent is 4; should be 11
hoons/arvo/sys/hoon.hoon 2846:12 indent tallSigfas Child #2 @ line 2847; backdent is 4; should be 11
hoons/arvo/sys/hoon.hoon 2851:12 indent tallSigfas Child #2 @ line 2852; backdent is 4; should be 11
hoons/arvo/sys/hoon.hoon 2856:12 indent tallSigfas Child #2 @ line 2857; backdent is 4; should be 11
hoons/arvo/sys/hoon.hoon 2861:12 indent tallSigfas Child #2 @ line 2862; backdent is 4; should be 11
hoons/arvo/sys/hoon.hoon 2866:12 indent tallSigfas Child #2 @ line 2867; backdent is 4; should be 11
hoons/arvo/sys/hoon.hoon 2871:12 indent tallSigfas Child #2 @ line 2872; backdent is 4; should be 11
hoons/arvo/sys/hoon.hoon 2876:12 indent tallSigfas Child #2 @ line 2877; backdent is 4; should be 11
hoons/arvo/sys/hoon.hoon 2881:12 indent tallSigfas Child #2 @ line 2882; backdent is 4; should be 11
hoons/arvo/sys/hoon.hoon 2886:12 indent tallSigfas Child #2 @ line 2887; backdent is 4; should be 11
hoons/arvo/sys/hoon.hoon 2891:12 indent tallSigfas Child #2 @ line 2892; backdent is 4; should be 11
hoons/arvo/sys/hoon.hoon 2896:12 indent tallSigfas Child #2 @ line 2897; backdent is 4; should be 11
hoons/arvo/sys/hoon.hoon 2925:12 indent tallSigfas Child #2 @ line 2926; backdent is 4; should be 11
hoons/arvo/sys/hoon.hoon 2930:12 indent tallSigfas Child #2 @ line 2931; backdent is 4; should be 11
hoons/arvo/sys/hoon.hoon 2935:12 indent tallSigfas Child #2 @ line 2936; backdent is 4; should be 11
hoons/arvo/sys/hoon.hoon 2940:12 indent tallSigfas Child #2 @ line 2941; backdent is 4; should be 11
hoons/arvo/sys/hoon.hoon 2945:12 indent tallSigfas Child #2 @ line 2946; backdent is 4; should be 11
hoons/arvo/sys/hoon.hoon 2950:12 indent tallSigfas Child #2 @ line 2951; backdent is 4; should be 11
hoons/arvo/sys/hoon.hoon 2955:12 indent tallSigfas Child #2 @ line 2956; backdent is 4; should be 11
hoons/arvo/sys/hoon.hoon 2960:12 indent tallSigfas Child #2 @ line 2961; backdent is 4; should be 11
hoons/arvo/sys/hoon.hoon 2965:12 indent tallSigfas Child #2 @ line 2966; backdent is 4; should be 11
hoons/arvo/sys/hoon.hoon 2970:12 indent tallSigfas Child #2 @ line 2971; backdent is 4; should be 11
hoons/arvo/sys/hoon.hoon 2975:12 indent tallSigfas Child #2 @ line 2976; backdent is 4; should be 11
hoons/arvo/sys/hoon.hoon 3059:7 indent tallKetlus Child #2 @ line 3060; backdent is 6; should be 2
hoons/arvo/sys/hoon.hoon 3082:7 indent tallKetlus Child #2 @ line 3083; backdent is 6; should be 2
hoons/arvo/sys/hoon.hoon 3395:12 indent tallColsig Child #1 @ line 3396; backdent is 15; should be 13
hoons/arvo/sys/hoon.hoon 3590:9 indent tallKettis Child #2 @ line 3591; backdent is 4; should be 8
hoons/arvo/sys/hoon.hoon 3601:9 indent tallKettis Child #2 @ line 3602; backdent is 4; should be 8
hoons/arvo/sys/hoon.hoon 3664:5 indent tallTisgar Child #1 @ line 3684; backdent is 0; should be 6
hoons/arvo/sys/hoon.hoon 3696:11 indent tallKettis Child #2 @ line 3697; backdent is 6; should be 10
hoons/arvo/sys/hoon.hoon 3749:20 indent tallSiglus Child #1 @ line 3750; backdent is 6; should be 2
hoons/arvo/sys/hoon.hoon 3956:9 indent tallWutlus Jogging-2-style kingside child #1 @3956:13; underindented by 2
hoons/arvo/sys/hoon.hoon 4049:3 indent tallWutlus Jogging-2-style kingside child #1 @4049:7; underindented by 2
hoons/arvo/sys/hoon.hoon 4056:10 indent tallCentis 1-jogging kingside head @4056:16; overindented by 2
hoons/arvo/sys/hoon.hoon 4057:13 indent tallCentis Jog kingside head @4057:13; overindented by 1
hoons/arvo/sys/hoon.hoon 4058:13 indent tallCentis Jog kingside head @4058:13; overindented by 1
hoons/arvo/sys/hoon.hoon 4059:13 indent tallCentis Jog kingside head @4059:13; overindented by 1
hoons/arvo/sys/hoon.hoon 4083:3 indent tallWutlus Jogging-2-style kingside child #1 @4083:7; underindented by 2
hoons/arvo/sys/hoon.hoon 4083:3 indent tallWutlus Jogging-2-style kingside child #2 @4084:5; underindented by 2
hoons/arvo/sys/hoon.hoon 4158:13 indent tallKethep Child #2 @ line 4159; backdent is 8; should be 4
hoons/arvo/sys/hoon.hoon 4231:7 indent tallKethep Child #2 @ line 4232; backdent is 6; should be 2
hoons/arvo/sys/hoon.hoon 4322:5 indent tallWutlus Jogging-2-style queenside child #1 @4322:9; underindented by 4
hoons/arvo/sys/hoon.hoon 4501:11 indent tallBartar Child #2 @ line 4502; backdent is 2; should be 10
hoons/arvo/sys/hoon.hoon 4516:7 indent tallWutsig Child #3 @ line 4517; backdent is 2; should be 6
hoons/arvo/sys/hoon.hoon 4800:10 indent tallSemsig Child #2 @ line 4801; backdent is 13; should be 11
hoons/arvo/sys/hoon.hoon 4832:7 indent tallWutsig Child #3 @ line 4833; backdent is 2; should be 6
hoons/arvo/sys/hoon.hoon 4843:10 indent tallSemsig Child #2 @ line 4844; backdent is 13; should be 11
hoons/arvo/sys/hoon.hoon 4847:10 indent tallSemsig Child #2 @ line 4848; backdent is 13; should be 11
hoons/arvo/sys/hoon.hoon 4857:23 indent tallCenlus Child #2 @ line 4858; backdent is 15; should be 24
hoons/arvo/sys/hoon.hoon 4857:23 indent tallCenlus Child #3 @ line 4860; backdent is 13; should be 22
hoons/arvo/sys/hoon.hoon 4973:14 indent tallCenlus Child #3 @ line 4974; backdent is 15; should be 13
hoons/arvo/sys/hoon.hoon 5014:9 indent tallZapdot Child #1 @ line 5015; backdent is 2; should be 8
hoons/arvo/sys/hoon.hoon 5031:9 indent tallWutlus Jogging-2-style queenside child #1 @5031:15; underindented by 2
hoons/arvo/sys/hoon.hoon 5034:11 indent tallWutlus Jogging-2-style queenside child #1 @5034:17; underindented by 2
hoons/arvo/sys/hoon.hoon 5038:17 indent tallKetlus Child #2 @ line 5039; backdent is 16; should be 12
hoons/arvo/sys/hoon.hoon 5072:11 indent tallWutlus Jogging-2-style kingside child #1 @5072:15; underindented by 2
hoons/arvo/sys/hoon.hoon :1 indent tallCentis Jog kingside body @5090:22; overindented by 4
hoons/arvo/sys/hoon.hoon 5093:15 indent tallSemcol Child #3 @ line 5098; backdent is 13; should be 14
hoons/arvo/sys/hoon.hoon 5102:11 indent tallWutlus Jogging-2-style kingside child #1 @5102:15; underindented by 2
hoons/arvo/sys/hoon.hoon 5115:11 indent tallWutlus Jogging-2-style kingside child #1 @5115:15; underindented by 2
hoons/arvo/sys/hoon.hoon 5145:20 indent tallCenlus Child #3 @ line 5146; backdent is 10; should be 19
hoons/arvo/sys/hoon.hoon 5149:13 indent tallKettis Child #2 @ line 5150; backdent is 10; should be 12
hoons/arvo/sys/hoon.hoon 5302:15 indent tallKetdot Child #2 @ line 5303; backdent is 4; should be 14
hoons/arvo/sys/hoon.hoon 5320:9 indent tallKettis Child #2 @ line 5321; backdent is 6; should be 8
hoons/arvo/sys/hoon.hoon 5324:9 indent tallKettis Child #2 @ line 5325; backdent is 6; should be 8
hoons/arvo/sys/hoon.hoon 5367:9 indent tallKettis Child #2 @ line 5368; backdent is 6; should be 8
hoons/arvo/sys/hoon.hoon 5460:3 indent tallWutlus Jogging-2-style queenside child #1 @5460:9; underindented by 2
hoons/arvo/sys/hoon.hoon 5460:3 indent tallWutlus Jogging-2-style queenside child #2 @5461:5; underindented by 4
hoons/arvo/sys/hoon.hoon 5543:9 indent tallBuccen Child #1 @ line 5545; backdent is 12; should be 10
hoons/arvo/sys/hoon.hoon 5563:9 indent tallBuccolMold Child #1 @ line 5565; backdent is 12; should be 10
hoons/arvo/sys/hoon.hoon 5586:9 indent tallBuccolMold Child #1 @ line 5589; backdent is 12; should be 10
hoons/arvo/sys/hoon.hoon 5619:5 indent tallWutlus Jogging-2-style queenside child #1 @5619:11; underindented by 2
hoons/arvo/sys/hoon.hoon 5619:5 indent tallWutlus Jogging-2-style queenside child #2 @5622:9; underindented by 2
hoons/arvo/sys/hoon.hoon 5649:7 indent tallBartis Child #1 @ line 5651; backdent is 10; should be 8
hoons/arvo/sys/hoon.hoon 5667:7 indent tallBartis Child #1 @ line 5669; backdent is 10; should be 8
hoons/arvo/sys/hoon.hoon 5679:7 indent tallBartis Child #1 @ line 5681; backdent is 10; should be 8
hoons/arvo/sys/hoon.hoon 5691:7 indent tallBartis Child #1 @ line 5693; backdent is 10; should be 8
hoons/arvo/sys/hoon.hoon 5750:9 indent tallBuccolMold Child #1 @ line 5753; backdent is 12; should be 10
hoons/arvo/sys/hoon.hoon 5776:9 indent tallBuccolMold Child #1 @ line 5779; backdent is 12; should be 10
hoons/arvo/sys/hoon.hoon 5793:7 indent tallWuthep Jog kingside body @5795:11; overindented by 2
hoons/arvo/sys/hoon.hoon 5804:7 indent tallWuthep Jog kingside body @5806:11; overindented by 2
hoons/arvo/sys/hoon.hoon 5861:3 indent tallWutlus Jogging-2-style queenside child #1 @5861:9; underindented by 2
hoons/arvo/sys/hoon.hoon 5872:14 indent tallColsig Child #2 @ line 5875; backdent is 2; should be 13
hoons/arvo/sys/hoon.hoon 5958:1 indent LuslusCell Child #2 @ line 5959; backdent is 10; should be 2
hoons/arvo/sys/hoon.hoon 5967:1 indent LuslusCell Child #2 @ line 5968; backdent is 10; should be 2
hoons/arvo/sys/hoon.hoon 5971:1 indent LuslusCell Child #2 @ line 5972; backdent is 10; should be 2
hoons/arvo/sys/hoon.hoon 5988:1 indent LuslusCell Child #2 @ line 5989; backdent is 10; should be 2
hoons/arvo/sys/hoon.hoon 6000:1 indent LuslusCell Child #2 @ line 6001; backdent is 10; should be 2
hoons/arvo/sys/hoon.hoon 6018:7 indent LuslusCell Child #2 @ line 6019; backdent is 10; should be 8
hoons/arvo/sys/hoon.hoon 6191:1 indent LuslusCell Child #2 @ line 6192; backdent is 10; should be 2
hoons/arvo/sys/hoon.hoon 6196:1 indent LuslusCell Child #2 @ line 6197; backdent is 10; should be 2
hoons/arvo/sys/hoon.hoon 6202:1 indent LuslusCell Child #2 @ line 6203; backdent is 10; should be 2
hoons/arvo/sys/hoon.hoon 6213:1 indent LuslusCell Child #2 @ line 6214; backdent is 10; should be 2
hoons/arvo/sys/hoon.hoon 6226:1 indent LuslusCell Child #2 @ line 6227; backdent is 10; should be 2
hoons/arvo/sys/hoon.hoon 3664:5 indent tallTisgar Child #2 @ line 6246; backdent is 0; should be 4
hoons/arvo/sys/hoon.hoon 6384:9 indent tallWuthep Jog queenside body @6384:17; underindented by 2
hoons/arvo/sys/hoon.hoon 6397:3 indent tallWuthep 1-jogging queenside head @6397:7; underindented by 2
hoons/arvo/sys/hoon.hoon 6401:5 indent tallWuthep 1-jogging queenside head @6401:9; underindented by 2
hoons/arvo/sys/hoon.hoon 6450:3 indent tallWuthep 1-jogging queenside head @6450:7; underindented by 2
hoons/arvo/sys/hoon.hoon 6483:3 indent tallWuthep 1-jogging queenside head @6483:7; underindented by 2
hoons/arvo/sys/hoon.hoon 6583:7 indent tallWutlus Jogging-2-style kingside child #1 @6583:11; underindented by 2
hoons/arvo/sys/hoon.hoon 6715:9 indent tallBuccolMold Child #1 @ line 6718; backdent is 12; should be 10
hoons/arvo/sys/hoon.hoon 6778:11 indent tallBuccolMold Child #1 @ line 6781; backdent is 14; should be 12
hoons/arvo/sys/hoon.hoon 6816:11 indent tallBuccolMold Child #1 @ line 6819; backdent is 14; should be 12
hoons/arvo/sys/hoon.hoon 7063:13 indent tallKethep Child #2 @ line 7064; backdent is 6; should be 8
hoons/arvo/sys/hoon.hoon 7064:7 indent tallWutsig Child #3 @ line 7066; backdent is 8; should be 6
hoons/arvo/sys/hoon.hoon 7206:32 indent tallTisgar Child #2 @ line 7207; backdent is 6; should be 31
hoons/arvo/sys/hoon.hoon 7304:9 indent tallWutlus Jogging-2-style kingside child #1 @7304:13; underindented by 2
hoons/arvo/sys/hoon.hoon 7334:9 indent tallWutlus Jogging-2-style kingside child #1 @7334:13; underindented by 2
hoons/arvo/sys/hoon.hoon :1 indent tallWutlus Jog kingside body @7337:19; overindented by 1
hoons/arvo/sys/hoon.hoon :1 indent tallWutlus Jog kingside body @7338:19; overindented by 1
hoons/arvo/sys/hoon.hoon :1 indent tallWutlus Jog kingside body @7339:19; overindented by 1
hoons/arvo/sys/hoon.hoon :1 indent tallWutlus Jog kingside body @7340:19; overindented by 1
hoons/arvo/sys/hoon.hoon 7452:5 indent tallWutlus Jogging-2-style kingside child #1 @7452:9; underindented by 2
hoons/arvo/sys/hoon.hoon 7465:5 indent tallWutlus Jogging-2-style kingside child #1 @7465:9; underindented by 2
hoons/arvo/sys/hoon.hoon 7489:5 indent tallWutlus Jogging-2-style queenside child #1 @7489:9; underindented by 4
hoons/arvo/sys/hoon.hoon 7535:9 indent tallWuthep Jog queenside body @7535:21; overindented by 1
hoons/arvo/sys/hoon.hoon 7607:20 indent tallCollus Child #2 @ line 7608; backdent is 22; should be 21
hoons/arvo/sys/hoon.hoon 7754:7 indent tallWuthep 1-jogging queenside head @7754:11; underindented by 2
hoons/arvo/sys/hoon.hoon 7785:9 indent tallCollus Child #2 @ line 7786; backdent is 8; should be 10
hoons/arvo/sys/hoon.hoon 7815:22 indent tallCollus Child #2 @ line 7816; backdent is 24; should be 23
hoons/arvo/sys/hoon.hoon 7835:9 indent tallWuthep Jog queenside body @7835:21; overindented by 1
hoons/arvo/sys/hoon.hoon 7836:9 indent tallWuthep Jog queenside body @7836:21; overindented by 1
hoons/arvo/sys/hoon.hoon 7837:9 indent tallWuthep Jog queenside body @7837:21; overindented by 1
hoons/arvo/sys/hoon.hoon 7838:9 indent tallWuthep Jog queenside body @7838:21; overindented by 1
hoons/arvo/sys/hoon.hoon 7869:9 indent tallWuthep Jog queenside body @7869:21; overindented by 1
hoons/arvo/sys/hoon.hoon 7870:9 indent tallWuthep Jog queenside body @7870:21; overindented by 1
hoons/arvo/sys/hoon.hoon 7871:9 indent tallWuthep Jog queenside body @7871:21; overindented by 1
hoons/arvo/sys/hoon.hoon 7872:9 indent tallWuthep Jog queenside body @7872:21; overindented by 1
hoons/arvo/sys/hoon.hoon 7883:9 indent tallWuthep Jog queenside body @7883:21; overindented by 1
hoons/arvo/sys/hoon.hoon 7889:5 indent tallWutlus Jogging-2-style kingside child #1 @7889:9; underindented by 2
hoons/arvo/sys/hoon.hoon :1 indent tallWuthep Jog kingside body @8003:17; overindented by 1
hoons/arvo/sys/hoon.hoon :1 indent tallWuthep Jog kingside body @8004:17; overindented by 1
hoons/arvo/sys/hoon.hoon :1 indent tallWuthep Jog kingside body @8005:17; overindented by 1
hoons/arvo/sys/hoon.hoon :1 indent tallWuthep Jog kingside body @8006:17; overindented by 1
hoons/arvo/sys/hoon.hoon :1 indent tallWuthep Jog kingside body @8007:17; overindented by 1
hoons/arvo/sys/hoon.hoon :1 indent tallWuthep Jog kingside body @8008:17; overindented by 1
hoons/arvo/sys/hoon.hoon :1 indent tallWuthep Jog kingside body @8009:17; overindented by 1
hoons/arvo/sys/hoon.hoon :1 indent tallWuthep Jog kingside body @8010:17; overindented by 1
hoons/arvo/sys/hoon.hoon :1 indent tallWuthep Jog kingside body @8011:17; overindented by 1
hoons/arvo/sys/hoon.hoon :1 indent tallWuthep Jog kingside body @8012:17; overindented by 1
hoons/arvo/sys/hoon.hoon :1 indent tallWuthep Jog kingside body @8013:17; overindented by 1
hoons/arvo/sys/hoon.hoon :1 indent tallWuthep Jog kingside body @8014:17; overindented by 1
hoons/arvo/sys/hoon.hoon :1 indent tallWuthep Jog kingside body @8015:17; overindented by 1
hoons/arvo/sys/hoon.hoon :1 indent tallWuthep Jog kingside body @8016:17; overindented by 1
hoons/arvo/sys/hoon.hoon :1 indent tallWuthep Jog kingside body @8017:17; overindented by 1
hoons/arvo/sys/hoon.hoon :1 indent tallWuthep Jog kingside body @8018:17; overindented by 1
hoons/arvo/sys/hoon.hoon :1 indent tallWuthep Jog kingside body @8019:17; overindented by 1
hoons/arvo/sys/hoon.hoon :1 indent tallWuthep Jog kingside body @8020:17; overindented by 1
hoons/arvo/sys/hoon.hoon :1 indent tallWuthep Jog kingside body @8021:18; overindented by 2
hoons/arvo/sys/hoon.hoon :1 indent tallWuthep Jog kingside body @8023:18; overindented by 2
hoons/arvo/sys/hoon.hoon :1 indent tallWuthep Jog kingside body @8029:17; overindented by 1
hoons/arvo/sys/hoon.hoon :1 indent tallWuthep Jog kingside body @8033:17; overindented by 1
hoons/arvo/sys/hoon.hoon 8240:21 indent tallCenlus Child #3 @ line 8241; backdent is 18; should be 20
hoons/arvo/sys/hoon.hoon 8255:5 indent tallWuthep 1-jogging kingside head @8255:11; overindented by 2
hoons/arvo/sys/hoon.hoon 8314:9 indent tallWutlus Jogging-2-style kingside child #1 @8314:13; underindented by 2
hoons/arvo/sys/hoon.hoon 8322:9 indent tallWutlus Jogging-2-style kingside child #1 @8322:13; underindented by 2
hoons/arvo/sys/hoon.hoon 8483:11 indent LushepCell Child #2 @ line 8484; backdent is 6; should be 12
hoons/arvo/sys/hoon.hoon 8483:11 indent wisp5d Child #1 @ line 8492; backdent is 10; should be 6
hoons/arvo/sys/hoon.hoon 8499:9 indent wisp5d Child #1 @ line 8509; backdent is 12; should be 8
hoons/arvo/sys/hoon.hoon 8506:15 indent wisp5d Child #1 @ line 8509; backdent is 8; should be 10
hoons/arvo/sys/hoon.hoon 8496:7 indent wisp5d Child #1 @ line 8536; backdent is 14; should be 6
hoons/arvo/sys/hoon.hoon 8514:9 indent wisp5d Child #1 @ line 8536; backdent is 10; should be 8
hoons/arvo/sys/hoon.hoon 8527:15 indent wisp5d Child #1 @ line 8536; backdent is 6; should be 10
hoons/arvo/sys/hoon.hoon 8540:11 indent LushepCell Child #2 @ line 8541; backdent is 6; should be 12
hoons/arvo/sys/hoon.hoon 8544:19 indent tallBarcen Child #1 @ line 8545; backdent is 12; should be 18
hoons/arvo/sys/hoon.hoon 8545:13 indent wisp5d Child #1 @ line 8548; backdent is 8; should be 12
hoons/arvo/sys/hoon.hoon 8550:19 indent tallBarcen Child #1 @ line 8551; backdent is 12; should be 18
hoons/arvo/sys/hoon.hoon 8551:13 indent wisp5d Child #1 @ line 8554; backdent is 8; should be 12
hoons/arvo/sys/hoon.hoon 8559:13 indent LushepCell Child #2 @ line 8560; backdent is 8; should be 14
hoons/arvo/sys/hoon.hoon 8462:5 indent wisp5d Child #1 @ line 8570; backdent is 18; should be 4
hoons/arvo/sys/hoon.hoon 8540:11 indent wisp5d Child #1 @ line 8570; backdent is 14; should be 6
hoons/arvo/sys/hoon.hoon 8543:7 indent wisp5d Child #1 @ line 8570; backdent is 10; should be 6
hoons/arvo/sys/hoon.hoon 8559:13 indent wisp5d Child #1 @ line 8570; backdent is 6; should be 8
hoons/arvo/sys/hoon.hoon 8574:9 indent LushepCell Child #2 @ line 8575; backdent is 4; should be 10
hoons/arvo/sys/hoon.hoon 8574:9 indent wisp5d Child #1 @ line 8584; backdent is 8; should be 4
hoons/arvo/sys/hoon.hoon 8661:9 indent LuslusCell Child #2 @ line 8662; backdent is 18; should be 10
hoons/arvo/sys/hoon.hoon 8684:11 indent tallColcab Child #2 @ line 8685; backdent is 10; should be 6
hoons/arvo/sys/hoon.hoon 8789:21 indent tallKethep Child #2 @ line 8790; backdent is 20; should be 16
hoons/arvo/sys/hoon.hoon 8790:21 indent tallWuthep 1-jogging kingside head @8790:27; overindented by 2
hoons/arvo/sys/hoon.hoon 8818:9 indent tallWuthep 1-jogging kingside head @8818:15; overindented by 2
hoons/arvo/sys/hoon.hoon 8880:5 indent tallWuthep 1-jogging queenside head @8880:9; underindented by 2
hoons/arvo/sys/hoon.hoon 8940:9 indent tallWuthep Jog queenside body @8940:21; overindented by 1
hoons/arvo/sys/hoon.hoon 8941:9 indent tallWuthep Jog queenside body @8941:21; overindented by 1
hoons/arvo/sys/hoon.hoon 8959:5 indent tallWuthep 1-jogging kingside head @8959:11; overindented by 2
hoons/arvo/sys/hoon.hoon 8972:5 indent tallWuthep 1-jogging kingside head @8972:11; overindented by 2
hoons/arvo/sys/hoon.hoon 9112:9 indent tallWuthep Jog queenside body @9112:21; overindented by 1
hoons/arvo/sys/hoon.hoon 9133:9 indent tallWuthep Jog queenside body @9133:21; overindented by 1
hoons/arvo/sys/hoon.hoon 9346:7 indent tallWuthep 1-jogging kingside head @9346:13; overindented by 2
hoons/arvo/sys/hoon.hoon 9356:9 indent tallBuccolMold Child #1 @ line 9358; backdent is 12; should be 10
hoons/arvo/sys/hoon.hoon 9382:20 indent tallWutcol Child #2 @ line 9383; backdent is 22; should be 21
hoons/arvo/sys/hoon.hoon 9389:7 indent tallWutlus Jogging-2-style kingside child #1 @9389:11; underindented by 2
hoons/arvo/sys/hoon.hoon :1 indent tallWuthep Jog kingside body @9590:19; overindented by 1
hoons/arvo/sys/hoon.hoon :1 indent tallWuthep Jog kingside body @9591:19; overindented by 1
hoons/arvo/sys/hoon.hoon :1 indent tallWuthep Jog kingside body @9592:20; overindented by 2
hoons/arvo/sys/hoon.hoon 9592:20 indent tallTislus Child #2 @ line 9593; backdent is 17; should be 19
hoons/arvo/sys/hoon.hoon 9616:9 indent tallBuccolMold Child #1 @ line 9618; backdent is 12; should be 10
hoons/arvo/sys/hoon.hoon 9630:5 indent tallTisgal Child #1 @ line 9632; backdent is 8; should be 6
hoons/arvo/sys/hoon.hoon 9783:11 indent tallBuccolMold Child #1 @ line 9785; backdent is 14; should be 12
hoons/arvo/sys/hoon.hoon 9794:7 indent tallWutlus Jogging-2-style queenside child #1 @9794:13; underindented by 2
hoons/arvo/sys/hoon.hoon 9807:9 indent tallTishep Child #1 @ line 9810; backdent is 12; should be 10
hoons/arvo/sys/hoon.hoon 9863:7 indent tallWutlus Jogging-2-style kingside child #1 @9863:11; underindented by 2
hoons/arvo/sys/hoon.hoon 9877:18 indent tallWutcol Child #3 @ line 9879; backdent is 18; should be 17
hoons/arvo/sys/hoon.hoon 9921:5 indent tallWutlus Jogging-2-style kingside child #1 @9921:9; underindented by 2
hoons/arvo/sys/hoon.hoon 9933:7 indent LuslusCell Child #2 @ line 9934; backdent is 16; should be 8
hoons/arvo/sys/hoon.hoon 10233:9 indent tallWutlus Jogging-2-style kingside child #1 @10233:13; underindented by 2
hoons/arvo/sys/hoon.hoon 10242:15 indent tallWuttis Child #2 @ line 10243; backdent is 16; should be 10
hoons/arvo/sys/hoon.hoon 10266:13 indent tallWuttis Child #2 @ line 10271; backdent is 16; should be 8
hoons/arvo/sys/hoon.hoon 10403:11 indent tallKethep Child #2 @ line 10404; backdent is 6; should be 2
hoons/arvo/sys/hoon.hoon 10422:3 indent tallWutlus Jogging-2-style queenside child #1 @10422:7; underindented by 4
hoons/arvo/sys/hoon.hoon 10436:3 indent tallWutlus Jogging-2-style queenside child #1 @10436:9; underindented by 2
hoons/arvo/sys/hoon.hoon 10440:5 indent tallCenlus Child #3 @ line 10441; backdent is 6; should be 4
hoons/arvo/sys/hoon.hoon 10441:7 indent tallBartis Child #2 @ line 10442; backdent is 4; should be 6
hoons/arvo/sys/hoon.hoon 10442:5 indent tallCenlus Child #3 @ line 10443; backdent is 6; should be 4
hoons/arvo/sys/hoon.hoon 10443:7 indent tallBartis Child #2 @ line 10444; backdent is 4; should be 6
hoons/arvo/sys/hoon.hoon 10994:11 sequence till5dSeq 10993:19 10994:11
hoons/arvo/sys/hoon.hoon 10995:19 sequence till5dSeq 10994:15 10995:19
hoons/arvo/sys/hoon.hoon 10996:19 sequence till5dSeq 10994:15 10996:19
hoons/arvo/sys/hoon.hoon 10993:15 indent tallBuccolMold Child #2 @ line 10997; backdent is 18; should be 14
hoons/arvo/sys/hoon.hoon 10994:11 indent tallBucwutMold Child #2 @ line 10997; backdent is 14; should be 10
hoons/arvo/sys/hoon.hoon 10999:15 sequence till5dSeq 10998:19 10999:15
hoons/arvo/sys/hoon.hoon 10998:15 indent tallBuccolMold Child #2 @ line 11002; backdent is 18; should be 14
hoons/arvo/sys/hoon.hoon 11108:23 indent tallKetlus Child #2 @ line 11109; backdent is 8; should be 22
hoons/arvo/sys/hoon.hoon 11135:13 indent tallKethep Child #2 @ line 11136; backdent is 10; should be 8
hoons/arvo/sys/hoon.hoon 11203:17 indent tallKetlus Child #2 @ line 11206; backdent is 8; should be 16
hoons/arvo/sys/hoon.hoon 11240:13 indent tallWutlus Jogging-2-style kingside child #1 @11240:17; underindented by 2
hoons/arvo/sys/hoon.hoon 11318:19 indent tallKetlus Child #2 @ line 11319; backdent is 10; should be 18
hoons/arvo/sys/hoon.hoon 11389:13 indent tallBuccolMold Child #1 @ line 11392; backdent is 16; should be 14
hoons/arvo/sys/hoon.hoon 11568:13 indent tallWuthep Jog kingside body @11570:20; overindented by 5
hoons/arvo/sys/hoon.hoon 11664:3 indent LuslusCell Child #2 @ line 11665; backdent is 6; should be 4
hoons/arvo/sys/hoon.hoon 11670:7 indent tallWutlus Jogging-2-style kingside child #1 @11670:11; underindented by 2
hoons/arvo/sys/hoon.hoon 11682:15 indent tallKetdot Child #2 @ line 11683; backdent is 4; should be 14
hoons/arvo/sys/hoon.hoon 11751:13 indent tallZapcol Child #1 @ line 11752; backdent is 4; should be 12
hoons/arvo/sys/hoon.hoon 11754:15 indent tallKetdot Child #2 @ line 11755; backdent is 4; should be 14
hoons/arvo/sys/hoon.hoon 11933:16 indent tallCenlus Child #2 @ line 11934; backdent is 8; should be 17
hoons/arvo/sys/hoon.hoon 11933:16 indent tallCenlus Child #3 @ line 11935; backdent is 6; should be 15
hoons/arvo/sys/hoon.hoon 11948:21 indent tallKetdot Child #2 @ line 11949; backdent is 10; should be 20
hoons/arvo/sys/hoon.hoon 11952:29 indent tallKetdot Child #2 @ line 11953; backdent is 18; should be 28
hoons/arvo/sys/hoon.hoon 11967:27 indent tallKetdot Child #2 @ line 11968; backdent is 16; should be 26
hoons/arvo/sys/hoon.hoon 11976:19 indent tallKetdot Child #2 @ line 11977; backdent is 8; should be 18
hoons/arvo/sys/hoon.hoon 11980:27 indent tallKetdot Child #2 @ line 11981; backdent is 16; should be 26
hoons/arvo/sys/hoon.hoon 11996:27 indent tallKetdot Child #2 @ line 11997; backdent is 16; should be 26
hoons/arvo/sys/hoon.hoon 12011:27 indent tallKetdot Child #2 @ line 12012; backdent is 16; should be 26
hoons/arvo/sys/hoon.hoon 12026:27 indent tallKetdot Child #2 @ line 12027; backdent is 16; should be 26
hoons/arvo/sys/hoon.hoon 12038:27 indent tallKetdot Child #2 @ line 12039; backdent is 16; should be 26
hoons/arvo/sys/hoon.hoon 12049:27 indent tallKetdot Child #2 @ line 12050; backdent is 16; should be 26
hoons/arvo/sys/hoon.hoon 12064:27 indent tallKetdot Child #2 @ line 12065; backdent is 16; should be 26
hoons/arvo/sys/hoon.hoon 12082:27 indent tallKetdot Child #2 @ line 12083; backdent is 16; should be 26
hoons/arvo/sys/hoon.hoon 12092:27 indent tallKetdot Child #2 @ line 12093; backdent is 16; should be 26
hoons/arvo/sys/hoon.hoon 12112:27 indent tallKetdot Child #2 @ line 12113; backdent is 16; should be 26
hoons/arvo/sys/hoon.hoon 12131:27 indent tallKetdot Child #2 @ line 12132; backdent is 16; should be 26
hoons/arvo/sys/hoon.hoon 12152:11 indent tallWutlus Jogging-2-style kingside child #1 @12152:15; underindented by 2
hoons/arvo/sys/hoon.hoon 12162:11 indent tallCenlus Child #2 @ line 12163; backdent is 14; should be 12
hoons/arvo/sys/hoon.hoon 12171:11 indent tallCenlus Child #2 @ line 12172; backdent is 14; should be 12
hoons/arvo/sys/hoon.hoon 12271:19 indent tallSemsig Child #2 @ line 12272; backdent is 21; should be 20
hoons/arvo/sys/hoon.hoon 12330:23 indent tallWutcol Child #2 @ line 12331; backdent is 25; should be 24
hoons/arvo/sys/hoon.hoon 12379:15 indent tallBardot Child #1 @ line 12380; backdent is 6; should be 14
hoons/arvo/sys/hoon.hoon 12384:15 indent tallBardot Child #1 @ line 12385; backdent is 6; should be 14
hoons/arvo/sys/hoon.hoon 12398:15 indent tallBardot Child #1 @ line 12399; backdent is 8; should be 14
hoons/arvo/sys/hoon.hoon 12436:5 indent tallWuthep 1-jogging kingside head @12436:11; overindented by 2
hoons/arvo/sys/hoon.hoon 12588:9 indent tallZapcol Child #1 @ line 12589; backdent is 2; should be 8
hoons/arvo/sys/hoon.hoon 12620:10 indent tallWuthep Jog kingside head @12620:10; overindented by 1
hoons/arvo/sys/hoon.hoon 12621:10 indent tallWuthep Jog kingside head @12621:10; overindented by 1
hoons/arvo/sys/hoon.hoon 12685:18 indent tallKethep Child #2 @ line 12686; backdent is 6; should be 8
hoons/arvo/sys/hoon.hoon 12712:1 indent LuslusCell Child #2 @ line 12713; backdent is 9; should be 2
hoons/arvo/sys/hoon.hoon 12720:1 indent LuslusCell Child #2 @ line 12721; backdent is 10; should be 2
hoons/arvo/sys/hoon.hoon 12777:1 indent LuslusCell Child #2 @ line 12778; backdent is 10; should be 2
hoons/arvo/sys/hoon.hoon 12783:1 indent LuslusCell Child #2 @ line 12784; backdent is 10; should be 2
hoons/arvo/sys/hoon.hoon 12814:1 indent LuslusCell Child #2 @ line 12815; backdent is 4; should be 2
hoons/arvo/sys/hoon.hoon 12843:3 indent tallWutlus Jogging-2-style kingside child #1 @12843:7; underindented by 2
=== hoons/arvo/sys/arvo.hoon ===
