abet ++ t/ast.d/sieve_b.hoon:6:5
main ++ t/ast.d/sieve_b.hoon:9:5
reap ++ t/ast.d/sieve_b.hoon:16:5
abet ++ t/ast.d/sieve_k.hoon:6:5
main ++ t/ast.d/sieve_k.hoon:7:5
reap ++ t/ast.d/sieve_k.hoon:14:5
side ++ t/ast.d/toe.hoon:12:9
spot ++ t/ast.d/toe.hoon:13:9
fact ++ t/ast.d/toe.hoon:14:9
move ++ t/ast.d/toe.hoon:17:9
game ++ t/ast.d/toe.hoon:21:9
bit ++ t/ast.d/toe.hoon:29:7
off ++ t/ast.d/toe.hoon:30:7
get ++ t/ast.d/toe.hoon:31:7
set ++ t/ast.d/toe.hoon:32:7
win ++ t/ast.d/toe.hoon:33:7
bo ++ t/ast.d/toe.hoon:27:5
do ++ t/ast.d/toe.hoon:39:7
nu ++ t/ast.d/toe.hoon:48:7
is ++ t/ast.d/toe.hoon:51:9
mo ++ t/ast.d/toe.hoon:54:9
on ++ t/ast.d/toe.hoon:49:7
go ++ t/ast.d/toe.hoon:37:5
