265 wide5d ::= wide5dChoices
253 wide5dChoices ::= long5dWide
241 long5dWide ::= scat5d
217 optKets ::= KET
211 limb ::= optKets SYM4K
202 rope5d ::= limb
171 rump5d ::= rope5d
147 scat5d ::= rump5d
95 wyde5d ::= scad5d
64 tall5d ::= norm5d
64 tall5d ::= wide5d
57 wide5dSeq ::= wide5d
39 circumParen2 ::= PEL wide5d ACE wide5dSeq PER
39 scat5d ::= circumParen2
33 till5d ::= wyde5d
24 scad5d ::= rump5d
23 boog5d ::= lusLusCell
23 lusLusCell ::= LUS LUS GAP SYM4K GAP tall5d
22 bisk4l ::= NUMBER
22 scat5d ::= bisk4l
21 wyde5dSeq ::= wyde5d
20 moldInfixFas ::= SYM4K FAS wyde5d
20 scad5d ::= moldInfixFas
14 mota5d ::=
13 moldAura ::= PAT mota5d
13 scad5d ::= moldAura
12 nuck4l ::= SYM4K
12 wide5dChoices ::= wideNorm5d
11 circumSigParen ::= SIG PEL rope5d ACE wide5d ACE wide5dSeq PER
11 scat5d ::= circumSigParen
11 wide5dJog ::= rope5d ACE wide5d
10 limb ::= DOT
10 moldBucNuck4l ::= BUC nuck4l
10 moldCircumBrace ::= KEL wyde5dSeq KER
10 moldCircumParen ::= PEL wide5d ACE wyde5dSeq PER
10 scad5d ::= moldBucNuck4l
10 scad5d ::= moldCircumBrace
10 scad5d ::= moldCircumParen
9 norm5d ::= tallWutcol
9 tallWutcol ::= WUTCOLGAP tall5d GAP tall5d GAP tall5d
7 circumBracket ::= SEL wide5dSeq SER
7 norm5d ::= tallBartis
7 rupl5d ::= circumBracket
7 scat5d ::= rupl5d
7 tallBartis ::= BARTISGAP till5d GAP tall5d
7 whap5d ::= boog5d
7 wisp5d ::= whap5d GAP HEP HEP
6 circumScatParen ::= scat5d PEL lobo5d PER
6 irrDottis ::= TIS PEL wide5d ACE wide5d PER
6 limb ::= optKets BUC
6 lobo5d ::= wide5dJogs
6 long5dWide ::= circumScatParen
6 norm5d ::= tallBarhep
6 norm5d ::= tallKethep
6 scat5d ::= irrDottis
6 tallBarhep ::= BARHEPGAP tall5d
6 tallKethep ::= KETHEPGAP till5d GAP tall5d
6 wide5dJogs ::= wide5dJog
5 norm5d ::= tallTisfas
5 scat5d ::= soloSig
5 soloSig ::= SIG
5 tallTisfas ::= TISFASGAP wise5d GAP tall5d GAP tall5d
5 wide5dJoggingSeparator ::= COM ACE
5 wideBartis ::= BARTISPEL till5d ACE wide5d PER
5 wideNorm5d ::= wideBartis
4 cenTerm ::= CEN4H nuck4l
4 fordFile ::= optGay4i optFordFaswut optFordFashep optFordFaslus optHornSeq fordHoopSeq optGay4i
4 fordHoop ::= tall5d
4 fordHoopSeq ::= fordHoop
4 infixTis ::= toga TIS wide5d
4 long5dWide ::= infixTis
4 moldInfixTis ::= SYM4K TIS wyde5d
4 norm5d ::= tallBarcen
4 norm5d ::= tallKetlus
4 norm5d ::= tallTislus
4 optFordFashep ::=
4 optFordFaslus ::=
4 optFordFaswut ::=
4 optGay4i ::=
4 optGay4i ::= GAY4I
4 optHornSeq ::=
4 scad5d ::= moldInfixTis
4 scat5d ::= cenTerm
4 tallBarcen ::= BAR CEN GAP wisp5d
4 tallKetlus ::= KETLUSGAP tall5d GAP tall5d
4 tallTislus ::= TISLUSGAP tall5d GAP tall5d
4 toga ::= rope5d
3 doubleQuoteCord ::= doubleQuoteElement
3 doubleQuoteElement ::= UNESCAPED_DOUBLE_QUOTE_CHARS
3 doubleQuoteString ::= DOQ doubleQuoteCord DOQ
3 infixDot ::= soil5d
3 moldTar ::= TAR
3 norm5d ::= tallBarcab
3 norm5d ::= tallTisgal
3 ruck5dJog ::= till5d GAP tall5d
3 scad5d ::= moldTar
3 scat5d ::= infixDot
3 soil5d ::= doubleQuoteString
3 tallBarcab ::= BAR CAB GAP till5d GAP wasp5d wisp5d
3 tallTisgal ::= TISGALGAP tall5d GAP tall5d
3 till5dSeq ::= till5d
3 wasp5d ::=
3 wise5d ::= SYM4K FAS wyde5d
3 wise5d ::= SYM4K TIS wyde5d
2 infixCol ::= scat5d COL wide5d
2 long5dWide ::= infixCol
2 moldNullSig ::= SIG
2 norm5d ::= tallBuccen
2 nuck4l ::= moldNullSig
2 rick5dJog ::= rope5d GAP tall5d
2 tallBuccen ::= BUC CEN GAP till5dSeq GAP TIS TIS
2 teak5d ::= teakChoice
2 teakChoice ::= tall5d
2 wideDotlus ::= LUS PEL wide5d PER
2 wideNorm5d ::= wideDotlus
1 aura ::= PAT mota5d
1 circumBraces ::= KEL wyde5dSeq KER
1 circumParen1 ::= PEL wide5d PER
1 moldWut ::= WUT
1 norm5d ::= tallBuccol
1 norm5d ::= tallCenlus
1 norm5d ::= tallCentis
1 norm5d ::= tallColhep
1 norm5d ::= tallTisbar
1 norm5d ::= tallTisgar
1 norm5d ::= tallTisket
1 norm5d ::= tallWutbar
1 norm5d ::= tallWutgal
1 norm5d ::= tallWuthep
1 norm5d ::= tallWutsig
1 prefixZap ::= ZAP wide5d
1 rick5d ::= rick5dJog
1 ruck5d ::= ruck5dJog
1 scad5d ::= moldWut
1 scat5d ::= aura
1 scat5d ::= circumBraces
1 scat5d ::= circumParen1
1 scat5d ::= prefixZap
1 scat5d ::= soloPam
1 soloPam ::= PAM4H
1 tall5dSeq ::= tall5d
1 tallBuccol ::= BUC COL GAP till5dSeq GAP TIS TIS
1 tallCenlus ::= CENLUSGAP tall5d GAP tall5d GAP tall5d
1 tallCentis ::= CEN TIS GAP rope5d GAP rick5d GAP TIS TIS
1 tallColhep ::= COLHEPGAP tall5d GAP tall5d
1 tallTisbar ::= TISBARGAP till5d GAP tall5d
1 tallTisgar ::= TISGARGAP tall5d GAP tall5d
1 tallTisket ::= TISKETGAP wise5d GAP rope5d GAP tall5d GAP tall5d
1 tallWutbar ::= WUT BAR GAP tall5dSeq GAP TIS TIS
1 tallWutgal ::= WUTGALGAP tall5d GAP tall5d
1 tallWuthep ::= WUT HEP GAP teak5d GAP ruck5d GAP TIS TIS
1 tallWutsig ::= WUTSIGGAP teak5d GAP tall5d GAP tall5d
1 wideKetlus ::= KETLUSPEL wide5d ACE wide5d PER
1 wideNorm5d ::= wideKetlus
1 wideNorm5d ::= wideWutcol
1 wideNorm5d ::= wideWutgal
1 wideNorm5d ::= wideWutgar
1 wideNorm5d ::= wideWutsig
1 wideTeak5d ::= wideTeakChoice
1 wideTeakChoice ::= rope5d
1 wideWutcol ::= WUTCOLPEL wide5d ACE wide5d ACE wide5d PER
1 wideWutgal ::= WUTGALPEL wide5d ACE wide5d PER
1 wideWutgar ::= WUTGARPEL wide5d ACE wide5d PER
1 wideWutsig ::= WUTSIGPEL wideTeak5d ACE wide5d ACE wide5d PER
0 aMane ::= SYM4K
0 aMane ::= SYM4K CAB SYM4K
0 bip4j ::= bip4j_Piece DOG4I bip4j_Piece DOG4I bip4j_Piece DOG4I bip4j_Piece DOG4I bip4j_Piece DOG4I bip4j_Piece DOG4I bip4j_Piece
0 bip4j_Piece ::= ASCII_0
0 bip4j_Piece ::= QEX4J
0 bonk5d ::= CEN4H SYM4K
0 bonk5d ::= CEN4H SYM4K COL4H SYM4K DOT4H DOT4H dem4k
0 bonk5d ::= CEN4H SYM4K COL4H SYM4K DOT4H dem4k
0 bonk5d ::= CEN4H SYM4K DOT4H dem4k
0 bont5d ::= CEN4H SYM4K DOT GAP tall5d
0 bont5d ::= wideBont5d
0 bony5d ::= TIS
0 bonz5d ::= TIS TIS GAP optBonzElements GAP TIS TIS
0 bonz5d ::= wideBonz5d
0 bonzElement ::= CEN SYM4K GAP tall5d
0 boog5d ::= lusHepCell
0 boog5d ::= lusTisCell
0 bucBar ::= BUC4H BAR4H
0 bucBuc ::= BUC4H BUC4H
0 bucPam ::= BUC4H PAM4H
0 cenBar ::= CEN4H BAR4H
0 cenBuc ::= CEN4H BUC4H
0 cenDirectories ::= CEN4H
0 cenPam ::= CEN4H PAM4H
0 cenPath ::= CEN4H porc5d
0 cenTerm ::= CEN4H qut4k
0 circumBarParen ::= BAR4H PEL wide5dSeq PER
0 circumBracket ::= SEL ACE tall5dSeq GAP SER
0 circumBracketSig ::= SEL ACE tall5dSeq GAP SER SIG
0 circumBracketSig ::= SEL wide5dSeq SER SIG
0 circumColParen ::= COL PEL wide5dSeq PER
0 circumGalgar ::= GAL wide5dSeq GAR
0 circumGargal ::= GAR wide5dSeq GAL
0 circumWutParen ::= WUT PEL wyde5dSeq PER
0 classicWhitespace ::= ACE
0 classicWhitespace ::= GAP
0 commaAce ::= COM ACE
0 commaWS ::= COM
0 commaWS ::= COM optClassicWhitespace
0 crub4l ::= DOT urs4j
0 crub4l ::= HEP urx4j
0 crub4l ::= SIG urx4j
0 crub4l ::= date
0 crub4l ::= fed4j
0 crub4l ::= timePeriod
0 date ::= date_part1
0 date ::= date_part1 DOT DOT date_part2
0 date ::= date_part1 DOT DOT date_part2 DOT DOT date_part3
0 date_part1 ::= DIM4J optHep DOT MOT4J DOT DIP4J
0 date_part2 ::= dum4j DOT dum4j DOT dum4j
0 date_part3 ::= QIX4J_SEQ
0 dem4k ::= DIT4K_SEQ
0 dollarTerm ::= BUC4H nuck4l
0 dollarTerm ::= BUC4H qut4k
0 doubleQuoteElement ::= ESCAPED_DOUBLE_QUOTE_CHAR
0 doubleQuoteElement ::= sump5d
0 faspamSym ::= SYM4K PAM
0 faspamSyms ::= faspamSym
0 fed4j ::= TIQ4J
0 fed4j ::= haf4j
0 fed4j ::= hof4j
0 fed4j ::= huf4j doh4i hyf4jSeq
0 fordFasbar ::= FAS BAR GAP hornSeq GAP TIS TIS
0 fordFasbuc ::= FAS BUC GAP tall5d
0 fordFascab ::= FAS CAB GAP horn
0 fordFascen ::= FAS CEN GAP horn
0 fordFascol ::= FAS COL GAP fordHive GAP horn
0 fordFascom ::= FAS COM GAP fordFascomBody GAP TIS TIS
0 fordFascomBody ::=
0 fordFascomBody ::= fordFascomElements
0 fordFascomElement ::= FAS fordHith GAP horn
0 fordFascomElements ::= fordFascomElement
0 fordFasdot ::= FAS DOT GAP optHornSeq GAP TIS TIS
0 fordFashax ::= FAS HAX GAP horn
0 fordFasket ::= FAS KET GAP tall5d GAP horn
0 fordFaspam ::= FAS PAM GAP SYM4K GAP horn
0 fordFassem ::= FAS SEM GAP tall5d GAP horn
0 fordFassig ::= FAS SIG GAP tall5d
0 fordFastis ::= FASTISGAP SYM4K GAP horn
0 fordFaswut ::= FAS WUT GAP DIT4K_SEQ GAP
0 fordFile ::= UNICORN inaccessible_ok
0 fordHath ::= poor5d
0 fordHave ::= FAS fordHath
0 fordHith ::= optFordHithElements
0 fordHive ::= FAS gash5d
0 fordHive ::= FAS gash5d CEN porc5d
0 fordHoodCase ::= nuck4l
0 fordHoodShip ::= SIG fed4j
0 fordHoof ::= TAR fordHoot
0 fordHoof ::= fordHoot
0 fordHoofSeq ::= fordHoof
0 fordHoop ::= FAS FAS GAP fordHave
0 fordHoop ::= hornRune
0 fordHoot ::= SYM4K
0 fordHoot ::= SYM4K FAS fordHoodCase FAS fordHoodShip
0 gash5d ::= limp5d
0 gasp5d ::= optTisSeq hasp5d optTisSeq
0 gasp5d ::= tisSeq
0 haf4j ::= TEP4J TIP4J
0 hasp5d ::= BUC4H
0 hasp5d ::= PEL wide5dSeq PER
0 hasp5d ::= SEL wide5d SER
0 hasp5d ::= nuck4l
0 hasp5d ::= qut4k
0 hef4j ::= TIP4J TIQ4J
0 hepSoilSeq ::= hepSolSeqItem
0 hepSolSeqItem ::= HEP soil5d
0 hif4j ::= TIP4J TIQ4J
0 hof4j ::= hef4j HEP hif4j
0 hof4j ::= hef4j HEP hif4j HEP hif4j
0 hof4j ::= hef4j HEP hif4j HEP hif4j HEP hif4j
0 hopefullyQuote ::= wide5d
0 horn ::= hornRune
0 hornRune ::= fordFasbar
0 hornRune ::= fordFasbuc
0 hornRune ::= fordFascab
0 hornRune ::= fordFascen
0 hornRune ::= fordFascol
0 hornRune ::= fordFascom
0 hornRune ::= fordFasdot
0 hornRune ::= fordFashax
0 hornRune ::= fordFasket
0 hornRune ::= fordFaspam
0 hornRune ::= fordFassem
0 hornRune ::= fordFassig
0 hornRune ::= fordFastis
0 hornRune ::= wideHornRune
0 hornSeq ::= horn
0 huf4j ::= hef4j
0 huf4j ::= hef4j HEP hif4j
0 huf4j ::= hef4j HEP hif4j HEP hif4j
0 huf4j ::= hef4j HEP hif4j HEP hif4j HEP hif4j
0 hyf4j ::= hif4j HEP hif4j
0 hyf4jSeq ::= hyf4j
0 inaccessible_ok ::= BAR
0 inaccessible_ok ::= BAR4H
0 inaccessible_ok ::= BAS
0 inaccessible_ok ::= BAS4H
0 inaccessible_ok ::= BUC
0 inaccessible_ok ::= BUC4H
0 inaccessible_ok ::= CAB
0 inaccessible_ok ::= CAB4H
0 inaccessible_ok ::= CEN
0 inaccessible_ok ::= CEN4H
0 inaccessible_ok ::= COL
0 inaccessible_ok ::= COL4H
0 inaccessible_ok ::= COM
0 inaccessible_ok ::= COM4H
0 inaccessible_ok ::= DOQ
0 inaccessible_ok ::= DOQ4H
0 inaccessible_ok ::= DOT
0 inaccessible_ok ::= DOT4H
0 inaccessible_ok ::= FAS
0 inaccessible_ok ::= FAS4H
0 inaccessible_ok ::= GAL
0 inaccessible_ok ::= GAL4H
0 inaccessible_ok ::= GAR
0 inaccessible_ok ::= GAR4H
0 inaccessible_ok ::= HAX
0 inaccessible_ok ::= HAX4H
0 inaccessible_ok ::= HEP
0 inaccessible_ok ::= HEP4H
0 inaccessible_ok ::= KEL
0 inaccessible_ok ::= KEL4H
0 inaccessible_ok ::= KER
0 inaccessible_ok ::= KER4H
0 inaccessible_ok ::= KET
0 inaccessible_ok ::= KET4H
0 inaccessible_ok ::= LUS
0 inaccessible_ok ::= LUS4H
0 inaccessible_ok ::= NL
0 inaccessible_ok ::= PAL
0 inaccessible_ok ::= PAL4H
0 inaccessible_ok ::= PAM
0 inaccessible_ok ::= PAM4H
0 inaccessible_ok ::= PAR
0 inaccessible_ok ::= PAR4H
0 inaccessible_ok ::= PAT
0 inaccessible_ok ::= PAT4H
0 inaccessible_ok ::= PEL
0 inaccessible_ok ::= PEL4H
0 inaccessible_ok ::= PER
0 inaccessible_ok ::= PER4H
0 inaccessible_ok ::= SEL
0 inaccessible_ok ::= SEL4H
0 inaccessible_ok ::= SEM
0 inaccessible_ok ::= SEM4H
0 inaccessible_ok ::= SER
0 inaccessible_ok ::= SER4H
0 inaccessible_ok ::= SIG
0 inaccessible_ok ::= SIG4H
0 inaccessible_ok ::= SOQ
0 inaccessible_ok ::= SOQ4H
0 inaccessible_ok ::= TAR
0 inaccessible_ok ::= TAR4H
0 inaccessible_ok ::= TEC
0 inaccessible_ok ::= TEC4H
0 inaccessible_ok ::= TIS
0 inaccessible_ok ::= TIS4H
0 inaccessible_ok ::= WUT
0 inaccessible_ok ::= WUT4H
0 inaccessible_ok ::= ZAP
0 inaccessible_ok ::= ZAP4H
0 infixFas ::= toga FAS wide5d
0 infixKet ::= scat5d KET wide5d
0 irrDottis ::= TIS PEL wide5d PER
0 lib4j_Piece ::= ASCII_0
0 lib4j_Piece ::= ted4j
0 limb ::= BAR4H DIM4J
0 limb ::= COM
0 limb ::= LUS DIM4J
0 limb ::= PAM4H DIM4J
0 limb ::= VEN4K
0 limp5d ::= optFasSeq gasp5d
0 lip4j ::= lib4j_Piece DOG4I lib4j_Piece DOG4I lib4j_Piece DOG4I lib4j_Piece
0 long5dWide ::= infixFas
0 long5dWide ::= infixKet
0 lusHepCell ::= LUS HEP GAP BUC GAP tall5d
0 lusHepCell ::= LUS HEP GAP SYM4K GAP tall5d
0 lusLusCell ::= LUS LUS GAP BUC GAP tall5d
0 lusSoilSeq ::= lusSolSeqItem
0 lusSolSeqItem ::= LUS soil5d
0 lusTisCell ::= LUS TIS GAP SYM4K GAP till5d
0 lute5d ::= SEL GAP tall5dSeq GAP SER
0 moldBucSingleString ::= BUC qut4k
0 moldBucbar ::= BUC BAR
0 moldBucbuc ::= BUC BUC
0 moldBucpam ::= BUC PAM
0 moldCenNuck4l ::= CEN nuck4l
0 moldCenSingleString ::= CEN qut4k
0 moldCenbar ::= CEN BAR
0 moldCenbuc ::= CEN BUC
0 moldCenpam ::= CEN PAM
0 moldCircumBracket ::= SEL wyde5dSeq SER
0 moldCircumParen ::= PEL wide5d PER
0 moldInfixCol ::= rope5d COL moldInfixCol2
0 moldInfixCol2 ::= rope5d
0 moldKet ::= KET
0 moldPrefixCab ::= CAB wide5d
0 moldPrefixCom ::= COM wide5d
0 moldPrefixTis ::= TIS wyde5d PER
0 moldPrefixWut ::= WUT PEL wyde5dSeq PER
0 moldSig ::= SIG
0 mota5d ::= AURA_NAME
0 norm5d ::= tallBarcol
0 norm5d ::= tallBardot
0 norm5d ::= tallBarket
0 norm5d ::= tallBarsig
0 norm5d ::= tallBartar
0 norm5d ::= tallBarwut
0 norm5d ::= tallBuccab
0 norm5d ::= tallBuchep
0 norm5d ::= tallBucket
0 norm5d ::= tallBucpat
0 norm5d ::= tallBucsem
0 norm5d ::= tallBuctis
0 norm5d ::= tallBucwut
0 norm5d ::= tallCencab
0 norm5d ::= tallCendot
0 norm5d ::= tallCenhep
0 norm5d ::= tallCenket
0 norm5d ::= tallCensig
0 norm5d ::= tallCentar
0 norm5d ::= tallColcab
0 norm5d ::= tallColket
0 norm5d ::= tallCollus
0 norm5d ::= tallColsig
0 norm5d ::= tallColtar
0 norm5d ::= tallDotket
0 norm5d ::= tallDotlus
0 norm5d ::= tallDottar
0 norm5d ::= tallDottis
0 norm5d ::= tallDotwut
0 norm5d ::= tallKetbar
0 norm5d ::= tallKetcen
0 norm5d ::= tallKetdot
0 norm5d ::= tallKetpam
0 norm5d ::= tallKetsig
0 norm5d ::= tallKettis
0 norm5d ::= tallKetwut
0 norm5d ::= tallSemcol
0 norm5d ::= tallSemfas
0 norm5d ::= tallSemsem
0 norm5d ::= tallSemsig
0 norm5d ::= tallSigbar
0 norm5d ::= tallSigbuc
0 norm5d ::= tallSigcab
0 norm5d ::= tallSigcen
0 norm5d ::= tallSigfas
0 norm5d ::= tallSiggal
0 norm5d ::= tallSiggar
0 norm5d ::= tallSiglus
0 norm5d ::= tallSigpam
0 norm5d ::= tallSigtis
0 norm5d ::= tallSigwut
0 norm5d ::= tallSigzap
0 norm5d ::= tallTiscol
0 norm5d ::= tallTiscom
0 norm5d ::= tallTisdot
0 norm5d ::= tallTishep
0 norm5d ::= tallTissem
0 norm5d ::= tallTissig
0 norm5d ::= tallTistar
0 norm5d ::= tallTiswut
0 norm5d ::= tallWutdot
0 norm5d ::= tallWutgar
0 norm5d ::= tallWutket
0 norm5d ::= tallWutlus
0 norm5d ::= tallWutpam
0 norm5d ::= tallWutpat
0 norm5d ::= tallWuttis
0 norm5d ::= tallWutzap
0 norm5d ::= tallZapWut
0 norm5d ::= tallZapcol
0 norm5d ::= tallZapcom
0 norm5d ::= tallZapdot
0 norm5d ::= tallZapgar
0 norm5d ::= tallZaptis
0 norm5dMold ::= tallBuccabMold
0 norm5dMold ::= tallBuccenMold
0 norm5dMold ::= tallBuccolMold
0 norm5dMold ::= tallBuchepMold
0 norm5dMold ::= tallBucketMold
0 norm5dMold ::= tallBucpatMold
0 norm5dMold ::= tallBucsemMold
0 norm5dMold ::= tallBuctisMold
0 norm5dMold ::= tallBucwutMold
0 norm5dMold ::= tallCencolMold
0 norm5dMold ::= tallCenhepMold
0 norm5dMold ::= tallCenketMold
0 norm5dMold ::= tallCenlusMold
0 nuck4l ::= DOT4H perd4l
0 nuck4l ::= SIG twid4l
0 nuck4l ::= bisk4l
0 nuck4l ::= tash4l
0 oneToThreeGars ::= GAR
0 oneToThreeGars ::= GAR GAR
0 oneToThreeGars ::= GAR GAR GAR
0 optBonzElements ::= bonzElement
0 optCen4hSeq ::=
0 optCen4hSeq ::= CEN4H_SEQ
0 optClassicWhitespace ::=
0 optClassicWhitespace ::= classicWhitespace
0 optFasSeq ::=
0 optFasSeq ::= FAS_SEQ
0 optFordFashep ::= FAS HEP GAP fordHoofSeq GAP
0 optFordFaslus ::= FAS LUS GAP fordHoofSeq GAP
0 optFordFaswut ::= fordFaswut
0 optFordHithElements ::= hasp5d
0 optHep ::=
0 optHep ::= HEP
0 optHornSeq ::= hornSeq
0 optTagHeadFinal ::=
0 optTagHeadFinal ::= tagHeadFinal
0 optTagHeadInitial ::=
0 optTagHeadInitial ::= tagHeadInitial
0 optTagHeadKernel ::=
0 optTagHeadKernel ::= tagHeadKernel
0 optTallAttrs ::=
0 optTallAttrs ::= tallAttributes
0 optTisSeq ::=
0 optTisSeq ::= TIS_SEQ
0 optWideAttrs ::=
0 optWideAttrs ::= wideAttrs
0 optWideBonzElements ::= wideBonzElement
0 optWideQuoteEmbedFreeStretch ::=
0 optWideQuoteEmbedFreeStretch ::= wideQuoteEmbedFreeStretch
0 optWideQuoteInnards ::=
0 optWideQuoteInnards ::= optWideQuoteEmbedFreeStretch
0 optWideQuoteInnards ::= wideQuoteEmbedTerminatedStretches optWideQuoteEmbedFreeStretch
0 pamPlusPrefix ::= PAM4H wede5d
0 perd4l ::= zust4l
0 poor5d ::= gash5d
0 poor5d ::= gash5d CEN4H porc5d
0 porc5d ::= optCen4hSeq FAS gash5d
0 prefixBar ::= BAR4H wede5d
0 prefixCab ::= CAB wide5d
0 prefixColFas ::= COL FAS wide5d
0 prefixPam ::= PAM4H PEL wide5dSeq PER
0 prefixSoloTec ::= TEC wide5d
0 prefixTar ::= TAR wyde5d
0 prefixTecAura ::= TEC PAT mota5d TEC wide5d
0 prefixTecChoices ::= prefixSoloTec
0 prefixTecChoices ::= prefixTecAura
0 prefixTecChoices ::= prefixTecHoon
0 prefixTecChoices ::= prefixTecMold
0 prefixTecChoices ::= prefixTecTar
0 prefixTecHoon ::= TEC LUS wide5d TEC wide5d
0 prefixTecMold ::= TEC wyde5d TEC wide5d
0 prefixTecTar ::= TEC TAR TEC wide5d
0 qit4k ::= SINGLE_QUOTED_BAS
0 qit4k ::= SINGLE_QUOTED_CHARS
0 qit4k ::= SINGLE_QUOTED_HEX_CHAR
0 qit4k ::= SINGLE_QUOTED_SOQ
0 qut4k ::= SOQ singleQuoteCord SOQ
0 qut4k ::= TRIPLE_QUOTE_START
0 qut4k ::= TRIPLE_QUOTE_STRING
0 qut4k_Piece ::= qit4k
0 rood5d ::= FAS poor5d
0 royl4l ::= UNICORN
0 rump5d ::= rope5d wede5d
0 rupl5d ::= circumBracketSig
0 rupl5d ::= sigCircumBracket
0 rupl5d ::= sigCircumBracketSig
0 sailApex5d ::= SEM tallTopSail
0 sailWideElement ::= ACE wideInnerTop
0 sailWideElements ::= sailWideElement
0 scad5d ::= moldBucSingleString
0 scad5d ::= moldBucbar
0 scad5d ::= moldBucbuc
0 scad5d ::= moldBucpam
0 scad5d ::= moldCenNuck4l
0 scad5d ::= moldCenSingleString
0 scad5d ::= moldCenbar
0 scad5d ::= moldCenbuc
0 scad5d ::= moldCenpam
0 scad5d ::= moldCircumBracket
0 scad5d ::= moldInfixCol
0 scad5d ::= moldKet
0 scad5d ::= moldPrefixCab
0 scad5d ::= moldPrefixCom
0 scad5d ::= moldPrefixTis
0 scad5d ::= moldPrefixWut
0 scad5d ::= moldSig
0 scat5d ::= DOT perd4l
0 scat5d ::= SIG twid4l
0 scat5d ::= SIG wede5d
0 scat5d ::= bisk4l wede5d
0 scat5d ::= bucBar
0 scat5d ::= bucBuc
0 scat5d ::= bucPam
0 scat5d ::= cenBar
0 scat5d ::= cenBuc
0 scat5d ::= cenDirectories
0 scat5d ::= cenPam
0 scat5d ::= cenPath
0 scat5d ::= circumBarParen
0 scat5d ::= circumColParen
0 scat5d ::= circumGalgar
0 scat5d ::= circumGargal
0 scat5d ::= circumWutParen
0 scat5d ::= dollarTerm
0 scat5d ::= hepSoilSeq
0 scat5d ::= lusSoilSeq
0 scat5d ::= pamPlusPrefix
0 scat5d ::= prefixBar
0 scat5d ::= prefixCab
0 scat5d ::= prefixColFas
0 scat5d ::= prefixPam
0 scat5d ::= prefixTar
0 scat5d ::= prefixTecChoices
0 scat5d ::= qut4k
0 scat5d ::= rood5d
0 scat5d ::= soloBar
0 scat5d ::= soloKet
0 scat5d ::= soloTar
0 scat5d ::= soloWut
0 scat5d ::= tash4l
0 scat5d ::= wideDotlus
0 scat5d ::= wideZapzap
0 scriptOrStyle ::= 'script' wideAttrs
0 scriptOrStyle ::= 'style' wideAttrs
0 scriptStyleTail ::= GAP scriptStyleTailElements GAP TIS TIS
0 scriptStyleTailElement ::= SEM
0 scriptStyleTailElement ::= SEM ACE PRN4I_SEQ
0 scriptStyleTailElements ::= scriptStyleTailElement
0 sigCircumBracket ::= SIG SEL ACE tall5dSeq GAP SER
0 sigCircumBracket ::= SIG SEL wide5dSeq SER
0 sigCircumBracketSig ::= SIG SEL ACE tall5dSeq GAP SER SIG
0 sigCircumBracketSig ::= SIG SEL wide5dSeq SER SIG
0 singleQuoteCord ::= qut4k_Piece
0 soil5d ::= TRIPLE_DOUBLE_QUOTE_STRING
0 soil5d ::= TRIPLE_DOUBLE_START
0 soloBar ::= BAR4H
0 soloKet ::= KET
0 soloTar ::= TAR
0 soloWut ::= WUT
0 sump5d ::= KEL wide5dSeq KER
0 tagHead ::= aMane optTagHeadInitial optTagHeadKernel optTagHeadFinal optWideAttrs
0 tagHeadFinal ::= FAS soil5d
0 tagHeadFinal ::= PAT soil5d
0 tagHeadInitial ::=
0 tagHeadInitial ::= HAX SYM4K
0 tagHeadKernel ::= tagHeadKernelElements
0 tagHeadKernelElement ::= DOT SYM4K
0 tagHeadKernelElements ::= tagHeadKernelElement
0 tall5d ::= lute5d
0 tall5d ::= sailApex5d
0 tallAttribute ::= GAP TIS aMane GAP hopefullyQuote
0 tallAttributes ::= tallAttribute
0 tallBarcol ::= BARCOLGAP tall5d GAP tall5d
0 tallBardot ::= BARDOTGAP tall5d
0 tallBarket ::= BAR KET GAP tall5d GAP wisp5d
0 tallBarsig ::= BARSIGGAP till5d GAP tall5d
0 tallBartar ::= BARTARGAP till5d GAP tall5d
0 tallBarwut ::= BARWUTGAP tall5d
0 tallBuccab ::= BUCCABGAP tall5d
0 tallBuccabMold ::= BUC CAB GAP tall5d
0 tallBuccenMold ::= BUC CEN GAP till5dSeq GAP TIS TIS
0 tallBuccolMold ::= BUC COL GAP till5dSeq GAP TIS TIS
0 tallBuchep ::= BUC HEP GAP till5d GAP till5d
0 tallBuchepMold ::= BUC HEP GAP till5d GAP till5d
0 tallBucket ::= BUCKETGAP till5d GAP till5d
0 tallBucketMold ::= BUC KET GAP till5d GAP till5d
0 tallBucpat ::= BUCPATGAP till5d GAP till5d
0 tallBucpatMold ::= BUC PAT GAP till5d GAP till5d
0 tallBucsem ::= BUCSEMGAP till5d
0 tallBucsemMold ::= BUC SEM GAP tall5d
0 tallBuctis ::= BUCTISGAP SYM4K GAP till5d
0 tallBuctisMold ::= BUC TIS GAP SYM4K GAP till5d
0 tallBucwut ::= BUC WUT GAP till5dSeq GAP TIS TIS
0 tallBucwutMold ::= BUC WUT GAP till5dSeq GAP TIS TIS
0 tallCencab ::= CEN CAB GAP rope5d GAP rick5d GAP TIS TIS
0 tallCencolMold ::= CEN COL GAP tall5d GAP till5dSeq GAP TIS TIS
0 tallCendot ::= CENDOTGAP tall5d GAP tall5d
0 tallCenhep ::= CENHEPGAP tall5d GAP tall5d
0 tallCenhepMold ::= CEN HEP GAP tall5d GAP till5d
0 tallCenket ::= CENKETGAP tall5d GAP tall5d GAP tall5d GAP tall5d
0 tallCenketMold ::= CEN KET GAP tall5d GAP till5d GAP till5d GAP till5d
0 tallCenlusMold ::= CEN LUS GAP tall5d GAP till5d GAP till5d
0 tallCensig ::= CENSIGGAP rope5d GAP tall5d GAP tall5d
0 tallCentar ::= CEN TAR GAP rope5d GAP tall5d GAP rick5d GAP TIS TIS
0 tallColcab ::= COLCABGAP tall5d GAP tall5d
0 tallColket ::= COLKETGAP tall5d GAP tall5d GAP tall5d GAP tall5d
0 tallCollus ::= COLLUSGAP tall5d GAP tall5d GAP tall5d
0 tallColsig ::= COL SIG GAP tall5dSeq GAP TIS TIS
0 tallColtar ::= COL TAR GAP tall5dSeq GAP TIS TIS
0 tallDotket ::= DOT KET GAP till5d GAP tall5dSeq GAP TIS TIS
0 tallDotlus ::= DOTLUSGAP tall5d
0 tallDottar ::= DOTTARGAP tall5d GAP tall5d
0 tallDottis ::= DOTTISGAP tall5d GAP tall5d
0 tallDottis ::= TIS GAP tall5d
0 tallDotwut ::= DOTWUTGAP tall5d
0 tallElem ::= tagHead optTallAttrs tallTailOfElem
0 tallKetbar ::= KETBARGAP tall5d
0 tallKetcen ::= KETCENGAP tall5d
0 tallKetdot ::= KETDOTGAP tall5d GAP tall5d
0 tallKetpam ::= KETPAMGAP tall5d
0 tallKetsig ::= KETSIGGAP tall5d
0 tallKettis ::= KETTISGAP SYM4K GAP tall5d
0 tallKetwut ::= KETWUTGAP tall5d
0 tallKidOfElem ::= GAP_SEM tallTopSail
0 tallKidsOfElem ::= tallKidOfElem
0 tallKidsOfTop ::= GAP CRAM
0 tallKidsOfTop ::= GAP_SEM tallTopKidSeq
0 tallSemcol ::= SEM COL GAP tall5d GAP tall5dSeq GAP TIS TIS
0 tallSemfas ::= SEMFASGAP tall5d
0 tallSemsem ::= SEMSEMGAP tall5d GAP tall5d
0 tallSemsig ::= SEM SIG GAP tall5d GAP tall5dSeq GAP TIS TIS
0 tallSigbar ::= SIGBARGAP tall5d GAP tall5d
0 tallSigbuc ::= SIGBUCGAP CEN_SYM4K GAP tall5d
0 tallSigcab ::= SIGCABGAP tall5d GAP tall5d
0 tallSigcen ::= SIGCENGAP bonk5d GAP tall5d GAP bonz5d GAP tall5d
0 tallSigfas ::= SIGFASGAP bonk5d GAP tall5d
0 tallSiggal ::= SIGGALGAP bont5d GAP tall5d
0 tallSiggar ::= SIGGARGAP bont5d GAP tall5d
0 tallSiglus ::= SIG LUS GAP bony5d GAP tall5d
0 tallSiglus ::= SIG LUS GAP tall5d
0 tallSigpam ::= SIG PAM GAP oneToThreeGars GAP tall5d GAP tall5d
0 tallSigpam ::= SIG PAM GAP tall5d GAP tall5d
0 tallSigtis ::= SIGTISGAP tall5d GAP tall5d
0 tallSigwut ::= SIG WUT GAP oneToThreeGars GAP tall5d GAP tall5d GAP tall5d
0 tallSigwut ::= SIG WUT GAP tall5d GAP tall5d GAP tall5d
0 tallSigzap ::= SIGZAPGAP tall5d GAP tall5d
0 tallTailCommon ::=
0 tallTailCommon ::= COL ACE optWideQuoteInnards
0 tallTailCommon ::= COL wrappedElems
0 tallTailCommon ::= SEM
0 tallTailOfElem ::= tallKidsOfElem GAP TIS TIS
0 tallTailOfElem ::= tallTailCommon
0 tallTailOfTop ::= tallKidsOfTop GAP TIS TIS
0 tallTailOfTop ::= tallTailCommon
0 tallTiscol ::= TIS COL GAP rick5d GAP TIS TIS GAP tall5d
0 tallTiscom ::= TISCOMGAP tall5d GAP tall5d
0 tallTisdot ::= TISDOTGAP rope5d GAP tall5d GAP tall5d
0 tallTishep ::= TISHEPGAP tall5d GAP tall5d
0 tallTissem ::= TISSEMGAP wise5d GAP tall5d GAP tall5d
0 tallTissig ::= TIS SIG GAP tall5d GAP tall5dSeq GAP TIS TIS
0 tallTistar ::= TISTARGAP SYM4K GAP tall5d GAP tall5d
0 tallTiswut ::= TISWUTGAP rope5d GAP tall5d GAP tall5d GAP tall5d
0 tallTopKidSeq ::= tallTopSail
0 tallTopSail ::= ACES optWideQuoteInnards
0 tallTopSail ::= GAR GAP CRAM
0 tallTopSail ::= TIS tallTailOfTop
0 tallTopSail ::= scriptOrStyle scriptStyleTail
0 tallTopSail ::= tallElem
0 tallTopSail ::= tunaMode GAP tall5d
0 tallTopSail ::= wideQuote
0 tallWutdot ::= WUTDOTGAP tall5d GAP tall5d GAP tall5d
0 tallWutgar ::= WUTGARGAP tall5d GAP tall5d
0 tallWutket ::= WUTKETGAP teak5d GAP tall5d GAP tall5d
0 tallWutlus ::= WUT LUS GAP teak5d GAP tall5d GAP ruck5d GAP TIS TIS
0 tallWutpam ::= WUT PAM GAP tall5dSeq GAP TIS TIS
0 tallWutpat ::= WUTPATGAP teak5d GAP tall5d GAP tall5d
0 tallWuttis ::= WUTTISGAP till5d GAP teak5d
0 tallWutzap ::= WUTZAPGAP tall5d
0 tallZapWut ::= ZAPWUTGAP SEL dem4k ACE dem4k SER GAP tall5d
0 tallZapWut ::= ZAPWUTGAP dem4k GAP tall5d
0 tallZapcol ::= ZAPCOLGAP tall5d
0 tallZapcom ::= ZAPCOMGAP tall5d GAP tall5d
0 tallZapdot ::= ZAPDOTGAP tall5d
0 tallZapgar ::= ZAPGARGAP tall5d
0 tallZaptis ::= ZAP TIS GAP tall5d
0 tash4l ::= HEP HEP bisk4l
0 tash4l ::= HEP bisk4l
0 teakChoice ::= KET TIS GAP SYM4K GAP rope5d
0 teakChoice ::= KET TIS GAP SYM4K GAP tall5d
0 teakChoice ::= wideTeak5d
0 till5d ::= norm5dMold
0 timePeriod ::= timePeriodKernel
0 timePeriod ::= timePeriodKernel timePeriodFraction
0 timePeriodByUnit ::= timePeriodDays
0 timePeriodByUnit ::= timePeriodHours
0 timePeriodByUnit ::= timePeriodMinutes
0 timePeriodByUnit ::= timePeriodSeconds
0 timePeriodDays ::= LAPSE_DAYS
0 timePeriodFraction ::= DOT DOT QIX4J_SEQ
0 timePeriodHours ::= LAPSE_HOURS
0 timePeriodKernel ::= timePeriodByUnit
0 timePeriodMinutes ::= LAPSE_MINUTES
0 timePeriodSeconds ::= LAPSE_SECONDS
0 toga ::= togaSeq
0 togaElement ::= SIG
0 togaElement ::= toga
0 togaElements ::= togaElement
0 togaSeq ::= SEL togaElements SER
0 tunaMode ::= CEN
0 tunaMode ::= HEP
0 tunaMode ::= LUS
0 tunaMode ::= TAR
0 twid4l ::= ASCII_0 VUM4J
0 twid4l ::= crub4l
0 urs4j ::= ursChoice
0 ursChoice ::= CAB
0 ursChoice ::= DOT
0 ursChoice ::= HEP
0 ursChoice ::= LOW4I
0 ursChoice ::= NUD4I
0 ursChoice ::= SIG
0 urx4j ::= urxChoice
0 urxChoice ::= CAB
0 urxChoice ::= DOT
0 urxChoice ::= HEP
0 urxChoice ::= LOW4I
0 urxChoice ::= NUD4I
0 urxChoice ::= SIG SIG DOT
0 urxChoice ::= SIG hex4j DOT
0 wasp5d ::= LUS TAR GAP waspElements GAP
0 waspElement ::= SYM4K GAP tall5d
0 waspElements ::= waspElement
0 wede5d ::= FAS wide5d
0 wede5d ::= LUS wide5d
0 wide5dChoices ::= wideSailApex5d
0 wideAttrBody ::= wideAttribute
0 wideAttribute ::= aMane ACE hopefullyQuote
0 wideAttrs ::= PEL PER
0 wideAttrs ::= PEL wideAttrBody PER
0 wideBarcol ::= BARCOLPEL wide5d ACE wide5d PER
0 wideBardot ::= BARDOTPEL wide5d PER
0 wideBarhep ::= BARHEPPEL wide5d PER
0 wideBarsig ::= BARSIGPEL till5d ACE wide5d PER
0 wideBartar ::= BARTARPEL till5d ACE wide5d PER
0 wideBarwut ::= BARWUTPEL wide5d PER
0 wideBont5d ::= CEN4H SYM4K DOT ACE wide5d
0 wideBont5d ::= CEN4H SYM4K DOT wide5d
0 wideBonz5d ::= PEL optWideBonzElements PER
0 wideBonz5d ::= SIG
0 wideBonzElement ::= CEN SYM4K ACE wide5d
0 wideBracketedElem ::= KEL tagHead wideElems KER
0 wideBuccab ::= BUCCABPEL wide5d PER
0 wideBuccabMold ::= BUC CAB PEL wide5d PER
0 wideBuccen ::= BUC CEN PEL wyde5dSeq PER
0 wideBuccenMold ::= BUC CEN PEL wyde5dSeq PER
0 wideBuccol ::= BUC COL PEL wyde5dSeq PER
0 wideBuccol ::= COM SEL wyde5dSeq SER
0 wideBuccolMold ::= BUC COL PEL wyde5dSeq PER
0 wideBuchep ::= BUC HEP PEL till5d ACE till5d PER
0 wideBuchepMold ::= BUC HEP PEL wyde5d ACE wyde5d PER
0 wideBucket ::= BUCKETPEL till5d ACE till5d PER
0 wideBucketMold ::= BUC KET PEL wyde5d ACE wyde5d PER
0 wideBucpat ::= BUCPATPEL till5d ACE till5d PER
0 wideBucpatMold ::= BUC PAT PEL wyde5d ACE wyde5d PER
0 wideBucsem ::= BUCSEMPEL till5d PER
0 wideBucsemMold ::= BUC SEM PEL wide5d PER
0 wideBuctis ::= BUCTISPEL SYM4K ACE till5d PER
0 wideBuctisMold ::= BUC TIS PEL SYM4K ACE wyde5d PER
0 wideBucwut ::= BUC WUT PEL wyde5dSeq PER
0 wideBucwutMold ::= BUC WUT PEL wyde5dSeq PER
0 wideCencab ::= CEN CAB PEL rope5d ACE wideRick5d PAR
0 wideCencolMold ::= CEN COL PEL wide5d ACE wyde5dSeq PER
0 wideCendot ::= CENDOTPEL wide5d ACE wide5d PER
0 wideCenhep ::= CENHEPPEL wide5d ACE wide5d PER
0 wideCenhepMold ::= CEN HEP PEL wide5d ACE wyde5d PER
0 wideCenket ::= CENKETPEL wide5d ACE wide5d ACE wide5d ACE wide5d PER
0 wideCenketMold ::= CEN KET PEL wide5d ACE wyde5d ACE wyde5d ACE wyde5d PER
0 wideCenlus ::= CENLUSPEL wide5d ACE wide5d ACE wide5d PER
0 wideCenlusMold ::= CEN LUS PEL wide5d ACE wyde5d ACE wyde5d PER
0 wideCensig ::= CENSIGPEL rope5d ACE wide5d ACE wide5d PER
0 wideCentar ::= CEN TAR PEL rope5d ACE wide5d ACE wideRick5d PAR
0 wideCentis ::= CEN TIS PEL rope5d ACE wideRick5d PAR
0 wideCircumFas ::= FAS SYM4K FAS
0 wideColcab ::= COLCABPEL wide5d ACE wide5d PER
0 wideColhep ::= COLHEPPEL wide5d ACE wide5d PER
0 wideColket ::= COLKETPEL wide5d ACE wide5d ACE wide5d ACE wide5d PER
0 wideCollus ::= COLLUSPEL wide5d ACE wide5d ACE wide5d PER
0 wideColsig ::= COL SIG PEL wide5dSeq PER
0 wideColtar ::= COL TAR PEL wide5dSeq PER
0 wideDotket ::= DOT KET PEL wyde5d ACE wide5dSeq PER
0 wideDotlus ::= DOTLUSPEL wide5d PER
0 wideDottar ::= DOTTARPEL wide5d ACE wide5d PER
0 wideDottis ::= DOTTISPEL wide5d ACE wide5d PER
0 wideDotwut ::= DOTWUTPEL wide5d PER
0 wideElems ::=
0 wideElems ::= sailWideElements
0 wideFaszap ::= FAS ZAP SYM4K FAS
0 wideFordFasbar ::= FAS BAR PEL wideHornSeq PER
0 wideFordFasbuc ::= FAS BUC SEL wide5dSeq SER
0 wideFordFascab ::= FAS CAB horn
0 wideFordFascen ::= FAS CEN horn
0 wideFordFascol ::= FAS COL fordHive COL horn
0 wideFordFashax ::= FAS HAX horn
0 wideFordFasket ::= FAS KET wide5d KET horn
0 wideFordFaspam ::= FAS PAM faspamSyms horn
0 wideFordFassem ::= FAS SEM wide5d SEM horn
0 wideFordFassig ::= FAS SIG SEL wide5dSeq SER
0 wideFordFastis ::= FAS TIS SYM4K '=' wideHorn
0 wideHorn ::= wideHornRune
0 wideHornRune ::= wideCircumFas
0 wideHornRune ::= wideFaszap
0 wideHornRune ::= wideFordFasbar
0 wideHornRune ::= wideFordFasbuc
0 wideHornRune ::= wideFordFascab
0 wideHornRune ::= wideFordFascen
0 wideHornRune ::= wideFordFascol
0 wideHornRune ::= wideFordFashax
0 wideHornRune ::= wideFordFasket
0 wideHornRune ::= wideFordFaspam
0 wideHornRune ::= wideFordFassem
0 wideHornRune ::= wideFordFassig
0 wideHornRune ::= wideFordFastis
0 wideHornSeq ::= wideHorn
0 wideInnerTop ::= tunaMode wide5d
0 wideInnerTop ::= wideTopSail
0 wideInnerTops ::= wideInnerTop
0 wideKetbar ::= KETBARPEL wide5d PER
0 wideKetcen ::= KETCENPEL wide5d PER
0 wideKetdot ::= KETDOTPEL wide5d ACE wide5d PER
0 wideKethep ::= KETHEPPEL till5d ACE wide5d PER
0 wideKetpam ::= KETPAMPEL wide5d PER
0 wideKetsig ::= KETSIGPEL wide5d PER
0 wideKettis ::= KETTISPEL SYM4K ACE wide5d PER
0 wideKetwut ::= KETWUTPEL wide5d PER
0 wideNorm5d ::= wideBarcol
0 wideNorm5d ::= wideBardot
0 wideNorm5d ::= wideBarhep
0 wideNorm5d ::= wideBarsig
0 wideNorm5d ::= wideBartar
0 wideNorm5d ::= wideBarwut
0 wideNorm5d ::= wideBuccab
0 wideNorm5d ::= wideBuccen
0 wideNorm5d ::= wideBuccol
0 wideNorm5d ::= wideBuchep
0 wideNorm5d ::= wideBucket
0 wideNorm5d ::= wideBucpat
0 wideNorm5d ::= wideBucsem
0 wideNorm5d ::= wideBuctis
0 wideNorm5d ::= wideBucwut
0 wideNorm5d ::= wideCencab
0 wideNorm5d ::= wideCendot
0 wideNorm5d ::= wideCenhep
0 wideNorm5d ::= wideCenket
0 wideNorm5d ::= wideCenlus
0 wideNorm5d ::= wideCensig
0 wideNorm5d ::= wideCentar
0 wideNorm5d ::= wideCentis
0 wideNorm5d ::= wideColcab
0 wideNorm5d ::= wideColhep
0 wideNorm5d ::= wideColket
0 wideNorm5d ::= wideCollus
0 wideNorm5d ::= wideColsig
0 wideNorm5d ::= wideColtar
0 wideNorm5d ::= wideDotket
0 wideNorm5d ::= wideDottar
0 wideNorm5d ::= wideDottis
0 wideNorm5d ::= wideDotwut
0 wideNorm5d ::= wideKetbar
0 wideNorm5d ::= wideKetcen
0 wideNorm5d ::= wideKetdot
0 wideNorm5d ::= wideKethep
0 wideNorm5d ::= wideKetpam
0 wideNorm5d ::= wideKetsig
0 wideNorm5d ::= wideKettis
0 wideNorm5d ::= wideKetwut
0 wideNorm5d ::= wideSemcol
0 wideNorm5d ::= wideSemfas
0 wideNorm5d ::= wideSemsem
0 wideNorm5d ::= wideSemsig
0 wideNorm5d ::= wideSigbar
0 wideNorm5d ::= wideSigbuc
0 wideNorm5d ::= wideSigcab
0 wideNorm5d ::= wideSigcen
0 wideNorm5d ::= wideSigfas
0 wideNorm5d ::= wideSiggal
0 wideNorm5d ::= wideSiggar
0 wideNorm5d ::= wideSiglus
0 wideNorm5d ::= wideSigpam
0 wideNorm5d ::= wideSigtis
0 wideNorm5d ::= wideSigwut
0 wideNorm5d ::= wideSigzap
0 wideNorm5d ::= wideTisbar
0 wideNorm5d ::= wideTiscol
0 wideNorm5d ::= wideTiscom
0 wideNorm5d ::= wideTisdot
0 wideNorm5d ::= wideTisfas
0 wideNorm5d ::= wideTisgal
0 wideNorm5d ::= wideTisgar
0 wideNorm5d ::= wideTishep
0 wideNorm5d ::= wideTisket
0 wideNorm5d ::= wideTislus
0 wideNorm5d ::= wideTissem
0 wideNorm5d ::= wideTissig
0 wideNorm5d ::= wideTistar
0 wideNorm5d ::= wideTiswut
0 wideNorm5d ::= wideWutbar
0 wideNorm5d ::= wideWutdot
0 wideNorm5d ::= wideWuthep
0 wideNorm5d ::= wideWutket
0 wideNorm5d ::= wideWutlus
0 wideNorm5d ::= wideWutpam
0 wideNorm5d ::= wideWutpat
0 wideNorm5d ::= wideWuttis
0 wideNorm5d ::= wideWutzap
0 wideNorm5d ::= wideZapWut
0 wideNorm5d ::= wideZapcol
0 wideNorm5d ::= wideZapcom
0 wideNorm5d ::= wideZapdot
0 wideNorm5d ::= wideZapgar
0 wideNorm5d ::= wideZaptis
0 wideNorm5dMold ::= wideBuccabMold
0 wideNorm5dMold ::= wideBuccenMold
0 wideNorm5dMold ::= wideBuccolMold
0 wideNorm5dMold ::= wideBuchepMold
0 wideNorm5dMold ::= wideBucketMold
0 wideNorm5dMold ::= wideBucpatMold
0 wideNorm5dMold ::= wideBucsemMold
0 wideNorm5dMold ::= wideBuctisMold
0 wideNorm5dMold ::= wideBucwutMold
0 wideNorm5dMold ::= wideCencolMold
0 wideNorm5dMold ::= wideCenhepMold
0 wideNorm5dMold ::= wideCenketMold
0 wideNorm5dMold ::= wideCenlusMold
0 wideParenElems ::= PEL PER
0 wideParenElems ::= PEL wideInnerTops PER
0 wideQuote ::= DOQ optWideQuoteInnards DOQ
0 wideQuoteEmbedFreeElement ::= ESCAPED_WIDE_INNARD_CHAR
0 wideQuoteEmbedFreeElement ::= NORMAL_WIDE_INNARD_CHARS
0 wideQuoteEmbedFreeStretch ::= wideQuoteEmbedFreeElement
0 wideQuoteEmbedTerminatedStretch ::= optWideQuoteEmbedFreeStretch SEM wideBracketedElem
0 wideQuoteEmbedTerminatedStretch ::= optWideQuoteEmbedFreeStretch sump5d
0 wideQuoteEmbedTerminatedStretch ::= optWideQuoteEmbedFreeStretch tunaMode sump5d
0 wideQuoteEmbedTerminatedStretches ::= wideQuoteEmbedTerminatedStretch
0 wideRick5d ::= wideRick5dJog
0 wideRick5dJog ::= rope5d ACE wide5d
0 wideRuck5d ::= wideRuck5dJog
0 wideRuck5dJog ::= till5d ACE wide5d
0 wideSailApex5d ::= SEM wideTopSail
0 wideSemcol ::= SEM COL PEL wide5d ACE wide5dSeq PER
0 wideSemfas ::= SEMFASPEL wide5d PER
0 wideSemsem ::= SEMSEMPEL wide5d ACE wide5d PER
0 wideSemsig ::= SEM SIG PEL wide5d ACE wide5dSeq PER
0 wideSigbar ::= SIGBARPEL wide5d ACE wide5d PER
0 wideSigbuc ::= SIGBUCPEL CEN_SYM4K ACE wide5d PER
0 wideSigcab ::= SIGCABPEL wide5d ACE wide5d PER
0 wideSigcen ::= SIGCENPEL bonk5d ACE wide5d ACE wideBonz5d ACE wide5d PER
0 wideSigfas ::= SIGFASPEL bonk5d ACE wide5d PER
0 wideSiggal ::= SIGGALPEL wideBont5d ACE wide5d PER
0 wideSiggar ::= SIGGARPEL wideBont5d ACE wide5d PER
0 wideSiglus ::= SIG LUS PEL bony5d ACE wide5d PER
0 wideSiglus ::= SIG LUS PEL wide5d PER
0 wideSigpam ::= SIG PAM PEL oneToThreeGars ACE wide5d ACE wide5d PER
0 wideSigpam ::= SIG PAM PEL wide5d ACE wide5d PER
0 wideSigtis ::= SIGTISPEL wide5d ACE wide5d PER
0 wideSigwut ::= SIG WUT PEL oneToThreeGars ACE wide5d ACE wide5d ACE wide5d PER
0 wideSigwut ::= SIG WUT PEL wide5d ACE wide5d ACE wide5d PER
0 wideSigzap ::= SIGZAPPEL wide5d ACE wide5d PER
0 wideTail ::=
0 wideTail ::= COL wrappedElems
0 wideTail ::= SEM
0 wideTeakChoice ::= SYM4K TIS rope5d
0 wideTeakChoice ::= SYM4K TIS wide5d
0 wideTeakChoice ::= wide5d
0 wideTisbar ::= TISBARPEL till5d ACE wide5d PER
0 wideTiscol ::= TIS COL PEL wideRick5d ACE wide5d PAR
0 wideTiscom ::= TISCOMPEL wide5d ACE wide5d PER
0 wideTisdot ::= TISDOTPEL rope5d ACE wide5d ACE wide5d PER
0 wideTisfas ::= TISFASPEL wise5d ACE wide5d ACE wide5d PER
0 wideTisgal ::= TISGALPEL wide5d ACE wide5d PER
0 wideTisgar ::= TISGARPEL wide5d ACE wide5d PER
0 wideTishep ::= TISHEPPEL wide5d ACE wide5d PER
0 wideTisket ::= TISKETPEL wise5d ACE rope5d ACE wide5d ACE wide5d PER
0 wideTislus ::= TISLUSPEL wide5d ACE wide5d PER
0 wideTissem ::= TISSEMPEL wise5d ACE wide5d ACE wide5d PER
0 wideTissig ::= TIS SIG PEL wide5d ACE wide5dSeq PER
0 wideTistar ::= TISTARPEL SYM4K ACE wide5d ACE wide5d PER
0 wideTiswut ::= TISWUTPEL rope5d ACE wide5d ACE wide5d ACE wide5d PER
0 wideTopSail ::= tagHead wideTail
0 wideTopSail ::= wideParenElems
0 wideTopSail ::= wideQuote
0 wideWutbar ::= WUT BAR PEL wide5dSeq PER
0 wideWutdot ::= WUTDOTPEL wide5d ACE wide5d ACE wide5d PER
0 wideWuthep ::= WUT HEP PEL teak5d ACE wideRuck5d PER
0 wideWutket ::= WUTKETPEL wideTeak5d ACE wide5d ACE wide5d PER
0 wideWutlus ::= WUT LUS PEL teak5d ACE tall5d ACE wideRuck5d PAR
0 wideWutpam ::= WUT PAM PEL wide5dSeq PER
0 wideWutpat ::= WUTPATPEL wideTeak5d ACE wide5d ACE wide5d PER
0 wideWuttis ::= WUTTISPEL till5d ACE wideTeak5d PER
0 wideWutzap ::= WUTZAPPEL wide5d PER
0 wideZapWut ::= ZAPWUTPEL SEL dem4k ACE dem4k SER ACE wide5d
0 wideZapWut ::= ZAPWUTPEL dem4k ACE wide5d
0 wideZapcol ::= ZAPCOLPEL wide5d PER
0 wideZapcom ::= ZAPCOMPEL wide5d ACE wide5d PER
0 wideZapdot ::= ZAPDOTPEL wide5d PER
0 wideZapgar ::= ZAPGARPEL wide5d PER
0 wideZaptis ::= ZAP TIS PEL wide5d PER
0 wise5d ::= SYM4K
0 wise5d ::= TIS wyde5d
0 wisp5d ::= HEP HEP
0 wrappedElems ::= qut4k
0 wrappedElems ::= wideTopSail
0 wyde5d ::= wideNorm5dMold
0 zust4l ::= ASCII_n
0 zust4l ::= ASCII_y
0 zust4l ::= bip4j
0 zust4l ::= lip4j
0 zust4l ::= royl4l
