SYM4K 276
wideLong5d 253
scat5d 249
limb 227
optKets 217
rope5d 202
wide5d 201
wide5dChoices 201
rump5d 171
tall5d 128
scad5d 95
wyde5d 95
norm5d 64
wide5dSeq 57
circumParen2 39
till5d 33
boog5d 23
LuslusCell 23
bisk4l 22
NUMBER 22
wyde5dSeq 21
FAS 20
moldInfixFas 20
mota5d 14
nuck4l 14
PAT 14
moldAura 13
wideNorm5d 12
circumSigParen 11
wide5dJog 11
DOT 10
moldBucNuck4l 10
moldCircumBrace 10
moldCircumParen 10
tallWutcol 9
optGay4i 8
circumBracket 7
GAP 7
rupl5d 7
SIG 7
tallBartis 7
whap5d 7
wisp5d 7
BUC 6
circumScatParen 6
irrDottis 6
lobo5d 6
tallBarhep 6
tallKethep 6
wide5dJogs 6
wise5d 6
ACE 5
COM 5
soloSig 5
tallTisfas 5
wide5dJoggingSeparator 5
wideBartis 5
CEN4H 4
cenTerm 4
fordFile 4
fordHoop 4
fordHoopSeq 4
GAY4I 4
infixTis 4
moldInfixTis 4
optFordFashep 4
optFordFaslus 4
optFordFaswut 4
optHornSeq 4
tallBarcen 4
tallKetlus 4
tallTislus 4
TIS 4
toga 4
doubleQuoteCord 3
doubleQuoteElement 3
doubleQuoteString 3
infixDot 3
moldTar 3
ruck5dJog 3
soil5d 3
tallBarcab 3
tallTisgal 3
TAR 3
till5dSeq 3
UNESCAPED_DOUBLE_QUOTE_CHARS 3
wasp5d 3
infixCol 2
KET 2
moldNullSig 2
rick5dJog 2
tallBuccen 2
teak5d 2
teakChoice 2
wideDotlus 2
aura 1
circumBraces 1
circumParen1 1
moldWut 1
PAM4H 1
prefixZap 1
rick5d 1
ruck5d 1
soloPam 1
tall5dSeq 1
tallBuccol 1
tallCenlus 1
tallCentis 1
tallColhep 1
tallTisbar 1
tallTisgar 1
tallTisket 1
tallWutbar 1
tallWutgal 1
tallWuthep 1
tallWutsig 1
wideKetlus 1
wideTeak5d 1
wideTeakChoice 1
wideWutcol 1
wideWutgal 1
wideWutgar 1
wideWutsig 1
WUT 1
ACES 0
aMane 0
ASCII_0 0
ASCII_n 0
ASCII_y 0
AURA_NAME 0
BAR 0
BAR4H 0
BARCOLGAP 0
BARCOLPEL 0
BARDOTGAP 0
BARDOTPEL 0
BARHEPGAP 0
BARHEPPEL 0
BARSIGGAP 0
BARSIGPEL 0
BARTARGAP 0
BARTARPEL 0
BARTISGAP 0
BARTISPEL 0
BARWUTGAP 0
BARWUTPEL 0
BAS 0
BAS4H 0
bip4j 0
bip4j_Piece 0
bonk5d 0
bont5d 0
bony5d 0
bonz5d 0
bonzElement 0
BUC4H 0
bucBar 0
bucBuc 0
BUCCABGAP 0
BUCCABPEL 0
BUCKETGAP 0
BUCKETPEL 0
bucPam 0
BUCPATGAP 0
BUCPATPEL 0
BUCSEMGAP 0
BUCSEMPEL 0
BUCTISGAP 0
BUCTISPEL 0
CAB 0
CAB4H 0
CEN 0
CEN4H_SEQ 0
CEN_SYM4K 0
cenBar 0
cenBuc 0
cenDirectories 0
CENDOTGAP 0
CENDOTPEL 0
CENHEPGAP 0
CENHEPPEL 0
CENKETGAP 0
CENKETPEL 0
CENLUSGAP 0
CENLUSPEL 0
cenPam 0
cenPath 0
CENSIGGAP 0
CENSIGPEL 0
circumBarParen 0
circumBracketSig 0
circumColParen 0
circumGalgar 0
circumGargal 0
circumWutParen 0
classicWhitespace 0
COL 0
COL4H 0
COLCABGAP 0
COLCABPEL 0
COLHEPGAP 0
COLHEPPEL 0
COLKETGAP 0
COLKETPEL 0
COLLUSGAP 0
COLLUSPEL 0
COM4H 0
commaAce 0
commaWS 0
CRAM 0
crub4l 0
date 0
date_part1 0
date_part2 0
date_part3 0
dem4k 0
DIM4J 0
DIP4J 0
DIT4K_SEQ 0
DOG4I 0
doh4i 0
dollarTerm 0
DOQ 0
DOQ4H 0
DOT4H 0
DOTLUSGAP 0
DOTLUSPEL 0
DOTTARGAP 0
DOTTARPEL 0
DOTTISGAP 0
DOTTISPEL 0
DOTWUTGAP 0
DOTWUTPEL 0
dum4j 0
ESCAPED_DOUBLE_QUOTE_CHAR 0
ESCAPED_WIDE_INNARD_CHAR 0
FAS4H 0
FAS_SEQ 0
faspamSym 0
faspamSyms 0
FASTISGAP 0
fed4j 0
fordFasbar 0
fordFasbuc 0
fordFascab 0
fordFascen 0
fordFascol 0
fordFascom 0
fordFascomBody 0
fordFascomElement 0
fordFascomElements 0
fordFasdot 0
fordFashax 0
fordFasket 0
fordFaspam 0
fordFassem 0
fordFassig 0
fordFastis 0
fordFaswut 0
fordHath 0
fordHave 0
fordHith 0
fordHive 0
fordHoodCase 0
fordHoodShip 0
fordHoof 0
fordHoofSeq 0
fordHoot 0
GAL 0
GAL4H 0
GAP_SEM 0
GAR 0
GAR4H 0
gash5d 0
gasp5d 0
gon4k 0
haf4j 0
hasp5d 0
HAX 0
HAX4H 0
hef4j 0
HEP 0
HEP4H 0
hepSoilSeq 0
hepSolSeqItem 0
hex4j 0
hif4j 0
hof4j 0
hopefullyQuote 0
horn 0
hornRune 0
hornSeq 0
huf4j 0
hyf4j 0
hyf4jSeq 0
inaccessible_ok 0
infixFas 0
infixKet 0
KEL 0
KEL4H 0
KER 0
KER4H 0
KET4H 0
KETBARGAP 0
KETBARPEL 0
KETCENGAP 0
KETCENPEL 0
KETDOTGAP 0
KETDOTPEL 0
KETHEPGAP 0
KETHEPPEL 0
KETLUSGAP 0
KETLUSPEL 0
KETPAMGAP 0
KETPAMPEL 0
KETSIGGAP 0
KETSIGPEL 0
KETTISGAP 0
KETTISPEL 0
KETWUTGAP 0
KETWUTPEL 0
LAPSE_DAYS 0
LAPSE_HOURS 0
LAPSE_MINUTES 0
LAPSE_SECONDS 0
lib4j_Piece 0
limp5d 0
lip4j 0
LOW4I 0
LUS 0
LUS4H 0
LushepCell 0
lusSoilSeq 0
lusSolSeqItem 0
LustisCell 0
lute5d 0
moldBucbar 0
moldBucbuc 0
moldBucpam 0
moldBucSingleString 0
moldCenbar 0
moldCenbuc 0
moldCenNuck4l 0
moldCenpam 0
moldCenSingleString 0
moldCircumBracket 0
moldInfixCol 0
moldInfixCol2 0
moldKet 0
moldPrefixCab 0
moldPrefixCom 0
moldPrefixTis 0
moldPrefixWut 0
moldSig 0
MOT4J 0
NL 0
norm5dMold 0
NORMAL_WIDE_INNARD_CHARS 0
NUD4I 0
oneToThreeGars 0
optBonzElements 0
optCen4hSeq 0
optClassicWhitespace 0
optFasSeq 0
optFordHithElements 0
optHep 0
optTagHeadFinal 0
optTagHeadInitial 0
optTagHeadKernel 0
optTallAttrs 0
optTisSeq 0
optWideAttrs 0
optWideBonzElements 0
optWideQuoteEmbedFreeStretch 0
optWideQuoteInnards 0
PAL 0
PAL4H 0
PAM 0
pamPlusPrefix 0
PAR 0
PAR4H 0
PAT4H 0
PEL 0
PEL4H 0
PER 0
PER4H 0
perd4l 0
poor5d 0
porc5d 0
prefixBar 0
prefixCab 0
prefixColFas 0
prefixPam 0
prefixSoloTec 0
prefixTar 0
prefixTecAura 0
prefixTecChoices 0
prefixTecHoon 0
prefixTecMold 0
prefixTecTar 0
PRN4I_SEQ 0
QEX4J 0
qit4k 0
QIX4J_SEQ 0
qut4k 0
qut4k_Piece 0
rood5d 0
royl4l 0
sailApex5d 0
sailWideElement 0
sailWideElements 0
scriptOrStyle 0
scriptStyleTail 0
scriptStyleTailElement 0
scriptStyleTailElements 0
SEL 0
SEL4H 0
SEM 0
SEM4H 0
SEMFASGAP 0
SEMFASPEL 0
SEMSEMGAP 0
SEMSEMPEL 0
SER 0
SER4H 0
SIG4H 0
SIGBARGAP 0
SIGBARPEL 0
SIGBUCGAP 0
SIGBUCPEL 0
SIGCABGAP 0
SIGCABPEL 0
SIGCENGAP 0
SIGCENPEL 0
sigCircumBracket 0
sigCircumBracketSig 0
SIGFASGAP 0
SIGFASPEL 0
SIGGALGAP 0
SIGGALPEL 0
SIGGARGAP 0
SIGGARPEL 0
SIGTISGAP 0
SIGTISPEL 0
SIGZAPGAP 0
SIGZAPPEL 0
SINGLE_QUOTED_BAS 0
SINGLE_QUOTED_CHARS 0
SINGLE_QUOTED_HEX_CHAR 0
SINGLE_QUOTED_SOQ 0
singleQuoteCord 0
soloBar 0
soloKet 0
soloTar 0
soloWut 0
SOQ 0
SOQ4H 0
sump5d 0
tagHead 0
tagHeadFinal 0
tagHeadInitial 0
tagHeadKernel 0
tagHeadKernelElement 0
tagHeadKernelElements 0
tallAttribute 0
tallAttributes 0
tallBarcol 0
tallBardot 0
tallBarket 0
tallBarsig 0
tallBartar 0
tallBarwut 0
tallBuccab 0
tallBuccabMold 0
tallBuccenMold 0
tallBuccolMold 0
tallBuchep 0
tallBuchepMold 0
tallBucket 0
tallBucketMold 0
tallBucpat 0
tallBucpatMold 0
tallBucsem 0
tallBucsemMold 0
tallBuctis 0
tallBuctisMold 0
tallBucwut 0
tallBucwutMold 0
tallCencab 0
tallCencolMold 0
tallCendot 0
tallCenhep 0
tallCenhepMold 0
tallCenket 0
tallCenketMold 0
tallCenlusMold 0
tallCensig 0
tallCentar 0
tallColcab 0
tallColket 0
tallCollus 0
tallColsig 0
tallColtar 0
tallDotket 0
tallDotlus 0
tallDottar 0
tallDottis 0
tallDotwut 0
tallElem 0
tallKetbar 0
tallKetcen 0
tallKetdot 0
tallKetpam 0
tallKetsig 0
tallKettis 0
tallKetwut 0
tallKidOfElem 0
tallKidsOfElem 0
tallKidsOfTop 0
tallSemcol 0
tallSemfas 0
tallSemsem 0
tallSemsig 0
tallSigbar 0
tallSigbuc 0
tallSigcab 0
tallSigcen 0
tallSigfas 0
tallSiggal 0
tallSiggar 0
tallSiglus 0
tallSigpam 0
tallSigtis 0
tallSigwut 0
tallSigzap 0
tallTailCommon 0
tallTailOfElem 0
tallTailOfTop 0
tallTiscol 0
tallTiscom 0
tallTisdot 0
tallTishep 0
tallTissem 0
tallTissig 0
tallTistar 0
tallTiswut 0
tallTopKidSeq 0
tallTopSail 0
tallWutdot 0
tallWutgar 0
tallWutket 0
tallWutlus 0
tallWutpam 0
tallWutpat 0
tallWuttis 0
tallWutzap 0
tallZapcol 0
tallZapcom 0
tallZapdot 0
tallZapgar 0
tallZaptis 0
tallZapwut 0
TAR4H 0
tash4l 0
TEC 0
TEC4H 0
ted4j 0
TEP4J 0
timePeriod 0
timePeriodByUnit 0
timePeriodDays 0
timePeriodFraction 0
timePeriodHours 0
timePeriodKernel 0
timePeriodMinutes 0
timePeriodSeconds 0
TIP4J 0
TIQ4J 0
TIS4H 0
TIS_SEQ 0
TISBARGAP 0
TISBARPEL 0
TISCOMGAP 0
TISCOMPEL 0
TISDOTGAP 0
TISDOTPEL 0
TISFASGAP 0
TISFASPEL 0
TISGALGAP 0
TISGALPEL 0
TISGARGAP 0
TISGARPEL 0
TISHEPGAP 0
TISHEPPEL 0
TISKETGAP 0
TISKETPEL 0
TISLUSGAP 0
TISLUSPEL 0
TISSEMGAP 0
TISSEMPEL 0
tisSeq 0
TISTARGAP 0
TISTARPEL 0
TISWUTGAP 0
TISWUTPEL 0
togaElement 0
togaElements 0
togaSeq 0
TRIPLE_DOUBLE_QUOTE_STRING 0
TRIPLE_DOUBLE_START 0
TRIPLE_QUOTE_START 0
TRIPLE_QUOTE_STRING 0
tunaMode 0
twid4l 0
UNICORN 0
urs4j 0
ursChoice 0
urx4j 0
urxChoice 0
VEN4K 0
VUM4J 0
waspElement 0
waspElements 0
wede5d 0
wideAttrBody 0
wideAttribute 0
wideAttrs 0
wideBarcol 0
wideBardot 0
wideBarhep 0
wideBarsig 0
wideBartar 0
wideBarwut 0
wideBont5d 0
wideBonz5d 0
wideBonzElement 0
wideBracketedElem 0
wideBuccab 0
wideBuccabMold 0
wideBuccen 0
wideBuccenMold 0
wideBuccol 0
wideBuccolMold 0
wideBuchep 0
wideBuchepMold 0
wideBucket 0
wideBucketMold 0
wideBucpat 0
wideBucpatMold 0
wideBucsem 0
wideBucsemMold 0
wideBuctis 0
wideBuctisMold 0
wideBucwut 0
wideBucwutMold 0
wideCencab 0
wideCencolMold 0
wideCendot 0
wideCenhep 0
wideCenhepMold 0
wideCenket 0
wideCenketMold 0
wideCenlus 0
wideCenlusMold 0
wideCensig 0
wideCentar 0
wideCentis 0
wideCircumFas 0
wideColcab 0
wideColhep 0
wideColket 0
wideCollus 0
wideColsig 0
wideColtar 0
wideDotket 0
wideDottar 0
wideDottis 0
wideDotwut 0
wideElems 0
wideFaszap 0
wideFordFasbar 0
wideFordFasbuc 0
wideFordFascab 0
wideFordFascen 0
wideFordFascol 0
wideFordFashax 0
wideFordFasket 0
wideFordFaspam 0
wideFordFassem 0
wideFordFassig 0
wideFordFastis 0
wideHorn 0
wideHornRune 0
wideHornSeq 0
wideInnerTop 0
wideInnerTops 0
wideKetbar 0
wideKetcen 0
wideKetdot 0
wideKethep 0
wideKetpam 0
wideKetsig 0
wideKettis 0
wideKetwut 0
wideNorm5dMold 0
wideParenElems 0
wideQuote 0
wideQuoteEmbedFreeElement 0
wideQuoteEmbedFreeStretch 0
wideQuoteEmbedTerminatedStretch 0
wideQuoteEmbedTerminatedStretches 0
wideRick5d 0
wideRick5dJog 0
wideRuck5d 0
wideRuck5dJog 0
wideSailApex5d 0
wideSemcol 0
wideSemfas 0
wideSemsem 0
wideSemsig 0
wideSigbar 0
wideSigbuc 0
wideSigcab 0
wideSigcen 0
wideSigfas 0
wideSiggal 0
wideSiggar 0
wideSiglus 0
wideSigpam 0
wideSigtis 0
wideSigwut 0
wideSigzap 0
wideTail 0
wideTisbar 0
wideTiscol 0
wideTiscom 0
wideTisdot 0
wideTisfas 0
wideTisgal 0
wideTisgar 0
wideTishep 0
wideTisket 0
wideTislus 0
wideTissem 0
wideTissig 0
wideTistar 0
wideTiswut 0
wideTopSail 0
wideWutbar 0
wideWutdot 0
wideWuthep 0
wideWutket 0
wideWutlus 0
wideWutpam 0
wideWutpat 0
wideWuttis 0
wideWutzap 0
wideZapcol 0
wideZapcom 0
wideZapdot 0
wideZapgar 0
wideZaptis 0
wideZapwut 0
wideZapzap 0
wrappedElems 0
WUT4H 0
WUTCOLGAP 0
WUTCOLPEL 0
WUTDOTGAP 0
WUTDOTPEL 0
WUTGALGAP 0
WUTGALPEL 0
WUTGARGAP 0
WUTGARPEL 0
WUTKETGAP 0
WUTKETPEL 0
WUTPATGAP 0
WUTPATPEL 0
WUTSIGGAP 0
WUTSIGPEL 0
WUTTISGAP 0
WUTTISPEL 0
WUTZAPGAP 0
WUTZAPPEL 0
ZAP 0
ZAP4H 0
ZAPCOLGAP 0
ZAPCOLPEL 0
ZAPCOMGAP 0
ZAPCOMPEL 0
ZAPDOTGAP 0
ZAPDOTPEL 0
ZAPGARGAP 0
ZAPGARPEL 0
ZAPWUTGAP 0
ZAPWUTPEL 0
zust4l 0
